TN:
SF:lib/cli.js
FN:8,_start
FN:10,cb
FN:59,exec
FNF:3
FNH:3
FNDA:1,_start
FNDA:1,cb
FNDA:2,exec
DA:1,1
DA:2,1
DA:3,1
DA:4,1
DA:5,1
DA:6,1
DA:7,1
DA:8,1
DA:9,1
DA:10,1
DA:11,1
DA:12,1
DA:13,0
DA:14,1
DA:15,1
DA:16,1
DA:17,1
DA:18,1
DA:19,1
DA:20,1
DA:21,1
DA:22,1
DA:23,1
DA:24,1
DA:25,1
DA:26,1
DA:27,1
DA:28,1
DA:29,1
DA:30,1
DA:31,1
DA:32,1
DA:33,1
DA:34,1
DA:35,1
DA:36,1
DA:37,1
DA:38,1
DA:39,1
DA:40,1
DA:41,1
DA:42,1
DA:43,1
DA:44,1
DA:45,1
DA:46,1
DA:47,1
DA:48,1
DA:49,1
DA:50,1
DA:51,1
DA:52,1
DA:53,1
DA:54,1
DA:55,1
DA:56,1
DA:57,1
DA:58,1
DA:59,2
DA:60,2
DA:61,2
DA:62,2
DA:63,2
DA:64,2
DA:65,2
DA:66,2
DA:67,2
DA:68,2
DA:69,1
DA:70,1
DA:71,1
DA:72,1
DA:73,1
DA:74,1
DA:75,1
DA:76,1
LF:76
LH:75
BRDA:1,0,0,1
BRDA:8,1,0,1
BRDA:36,2,0,0
BRDA:10,3,0,1
BRDA:12,4,0,0
BRDA:59,5,0,2
BRF:6
BRH:4
end_of_record
TN:
SF:lib/minecraft-npc.js
FN:23,MinecraftNpc
FN:40,start
FN:118,_getMinecraftNpcVersion
FNF:3
FNH:1
FNDA:1,MinecraftNpc
FNDA:0,start
FNDA:0,_getMinecraftNpcVersion
DA:1,1
DA:2,1
DA:3,1
DA:4,1
DA:5,1
DA:6,1
DA:7,1
DA:8,1
DA:9,1
DA:10,1
DA:11,1
DA:12,1
DA:13,1
DA:14,1
DA:15,1
DA:16,1
DA:17,1
DA:18,1
DA:19,1
DA:20,1
DA:21,1
DA:22,1
DA:23,1
DA:24,1
DA:25,1
DA:26,1
DA:27,1
DA:28,1
DA:29,1
DA:30,1
DA:31,1
DA:32,1
DA:33,1
DA:34,1
DA:35,1
DA:36,1
DA:37,1
DA:38,1
DA:39,1
DA:40,1
DA:41,0
DA:42,0
DA:43,0
DA:44,0
DA:45,0
DA:46,0
DA:47,0
DA:48,0
DA:49,0
DA:50,0
DA:51,0
DA:52,0
DA:53,0
DA:54,0
DA:55,0
DA:56,0
DA:57,0
DA:58,0
DA:59,0
DA:60,0
DA:61,0
DA:62,0
DA:63,0
DA:64,0
DA:65,0
DA:66,0
DA:67,0
DA:68,0
DA:69,0
DA:70,0
DA:71,0
DA:72,0
DA:73,0
DA:74,0
DA:75,0
DA:76,0
DA:77,0
DA:78,0
DA:79,0
DA:80,0
DA:81,0
DA:82,0
DA:83,0
DA:84,0
DA:85,0
DA:86,0
DA:87,0
DA:88,0
DA:89,0
DA:90,0
DA:91,0
DA:92,0
DA:93,0
DA:94,0
DA:95,0
DA:96,0
DA:97,0
DA:98,0
DA:99,0
DA:100,0
DA:101,0
DA:102,0
DA:103,0
DA:104,0
DA:105,0
DA:106,0
DA:107,0
DA:108,0
DA:109,0
DA:110,0
DA:111,0
DA:112,0
DA:113,0
DA:114,0
DA:115,0
DA:116,0
DA:117,1
DA:118,1
DA:119,0
DA:120,0
DA:121,0
DA:122,0
DA:123,0
DA:124,0
DA:125,0
DA:126,1
DA:127,1
DA:128,1
DA:129,1
DA:130,1
LF:130
LH:47
BRDA:1,0,0,1
BRDA:23,1,0,1
BRDA:26,2,0,0
BRDA:27,3,0,0
BRDA:29,4,0,0
BRF:5
BRH:2
end_of_record
TN:
SF:lib/npc.js
FN:12,Npc
FN:18,getBot
FN:22,getRegister
FN:26,getOpts
FN:30,getPosition
FN:34,getPlayerPosition
FN:38,emptyInventory
FN:50,guardLocation
FN:63,messageChatGpt
FN:75,moveToLocation
FN:87,sayMessage
FN:99,_doSkill
FNF:12
FNH:1
FNDA:1,Npc
FNDA:0,getBot
FNDA:0,getRegister
FNDA:0,getOpts
FNDA:0,getPosition
FNDA:0,getPlayerPosition
FNDA:0,emptyInventory
FNDA:0,guardLocation
FNDA:0,messageChatGpt
FNDA:0,moveToLocation
FNDA:0,sayMessage
FNDA:0,_doSkill
DA:1,1
DA:2,1
DA:3,1
DA:4,1
DA:5,1
DA:6,1
DA:7,1
DA:8,1
DA:9,1
DA:10,1
DA:11,1
DA:12,1
DA:13,1
DA:14,1
DA:15,1
DA:16,1
DA:17,1
DA:18,1
DA:19,0
DA:20,0
DA:21,1
DA:22,1
DA:23,0
DA:24,0
DA:25,1
DA:26,1
DA:27,0
DA:28,0
DA:29,1
DA:30,1
DA:31,0
DA:32,0
DA:33,1
DA:34,1
DA:35,0
DA:36,0
DA:37,1
DA:38,1
DA:39,0
DA:40,0
DA:41,0
DA:42,0
DA:43,0
DA:44,0
DA:45,0
DA:46,0
DA:47,0
DA:48,0
DA:49,1
DA:50,1
DA:51,0
DA:52,0
DA:53,0
DA:54,0
DA:55,0
DA:56,0
DA:57,0
DA:58,0
DA:59,0
DA:60,0
DA:61,0
DA:62,1
DA:63,1
DA:64,0
DA:65,0
DA:66,0
DA:67,0
DA:68,0
DA:69,0
DA:70,0
DA:71,0
DA:72,0
DA:73,0
DA:74,1
DA:75,1
DA:76,0
DA:77,0
DA:78,0
DA:79,0
DA:80,0
DA:81,0
DA:82,0
DA:83,0
DA:84,0
DA:85,0
DA:86,1
DA:87,1
DA:88,0
DA:89,0
DA:90,0
DA:91,0
DA:92,0
DA:93,0
DA:94,0
DA:95,0
DA:96,0
DA:97,0
DA:98,1
DA:99,1
DA:100,0
DA:101,0
DA:102,0
DA:103,0
DA:104,0
DA:105,0
DA:106,0
DA:107,0
DA:108,0
DA:109,0
DA:110,0
DA:111,0
DA:112,0
DA:113,0
DA:114,0
DA:115,0
DA:116,0
DA:117,0
DA:118,1
DA:119,1
DA:120,1
DA:121,1
DA:122,1
LF:122
LH:43
BRDA:1,0,0,1
BRDA:12,1,0,1
BRF:2
BRH:2
end_of_record
TN:
SF:lib/register.js
FN:3,Register
FN:8,setActionInfo
FN:18,_setLatestActionInfo
FN:27,getActionInfo
FN:31,getLatestAction
FNF:5
FNH:5
FNDA:7,Register
FNDA:6,setActionInfo
FNDA:6,_setLatestActionInfo
FNDA:1,getActionInfo
FNDA:1,getLatestAction
DA:1,1
DA:2,1
DA:3,1
DA:4,7
DA:5,7
DA:6,7
DA:7,1
DA:8,1
DA:9,6
DA:10,6
DA:11,6
DA:12,6
DA:13,6
DA:14,6
DA:15,6
DA:16,6
DA:17,1
DA:18,1
DA:19,6
DA:20,6
DA:21,6
DA:22,6
DA:23,6
DA:24,6
DA:25,6
DA:26,1
DA:27,1
DA:28,1
DA:29,1
DA:30,1
DA:31,1
DA:32,1
DA:33,1
DA:34,1
DA:35,1
DA:36,1
DA:37,1
DA:38,1
DA:39,1
LF:39
LH:39
BRDA:1,0,0,1
BRDA:3,1,0,7
BRDA:8,2,0,6
BRDA:13,3,0,5
BRDA:18,4,0,6
BRDA:23,5,0,4
BRDA:27,6,0,1
BRDA:31,7,0,1
BRF:8
BRH:8
end_of_record
TN:
SF:lib/validator.js
FN:3,isValidCoord
FN:7,isValidMessage
FNF:2
FNH:0
FNDA:0,isValidCoord
FNDA:0,isValidMessage
DA:1,1
DA:2,1
DA:3,0
DA:4,0
DA:5,0
DA:6,1
DA:7,0
DA:8,0
DA:9,0
DA:10,1
DA:11,1
DA:12,1
DA:13,1
DA:14,1
DA:15,1
DA:16,1
DA:17,1
DA:18,1
LF:18
LH:12
BRDA:1,0,0,1
BRF:1
BRH:1
end_of_record
TN:
SF:lib/actions/base.js
FN:6,BaseAction
FN:10,getId
FN:14,do
FN:18,registerInfo
FNF:4
FNH:0
FNDA:0,BaseAction
FNDA:0,getId
FNDA:0,do
FNDA:0,registerInfo
DA:1,1
DA:2,1
DA:3,1
DA:4,1
DA:5,1
DA:6,1
DA:7,0
DA:8,0
DA:9,1
DA:10,1
DA:11,0
DA:12,0
DA:13,1
DA:14,1
DA:15,0
DA:16,0
DA:17,1
DA:18,1
DA:19,0
DA:20,0
DA:21,1
DA:22,1
DA:23,1
DA:24,1
DA:25,1
LF:25
LH:17
BRDA:1,0,0,1
BRF:1
BRH:1
end_of_record
TN:
SF:lib/actions/empty-inventory.js
FN:7,getId
FN:11,do
FNF:2
FNH:0
FNDA:0,getId
FNDA:0,do
DA:1,1
DA:2,1
DA:3,1
DA:4,1
DA:5,1
DA:6,1
DA:7,1
DA:8,0
DA:9,0
DA:10,1
DA:11,1
DA:12,0
DA:13,0
DA:14,0
DA:15,0
DA:16,0
DA:17,1
DA:18,1
DA:19,1
DA:20,1
DA:21,1
LF:21
LH:14
BRDA:1,0,0,1
BRF:1
BRH:1
end_of_record
TN:
SF:lib/actions/forward-to-chatgpt.js
FN:7,getId
FN:11,do
FNF:2
FNH:0
FNDA:0,getId
FNDA:0,do
DA:1,1
DA:2,1
DA:3,1
DA:4,1
DA:5,1
DA:6,1
DA:7,1
DA:8,0
DA:9,0
DA:10,1
DA:11,1
DA:12,0
DA:13,0
DA:14,0
DA:15,0
DA:16,0
DA:17,0
DA:18,0
DA:19,0
DA:20,1
DA:21,1
DA:22,1
DA:23,1
DA:24,1
LF:24
LH:14
BRDA:1,0,0,1
BRF:1
BRH:1
end_of_record
TN:
SF:lib/actions/guard-current-location.js
FN:7,getId
FN:11,do
FNF:2
FNH:0
FNDA:0,getId
FNDA:0,do
DA:1,1
DA:2,1
DA:3,1
DA:4,1
DA:5,1
DA:6,1
DA:7,1
DA:8,0
DA:9,0
DA:10,1
DA:11,1
DA:12,0
DA:13,0
DA:14,0
DA:15,0
DA:16,0
DA:17,0
DA:18,0
DA:19,0
DA:20,0
DA:21,0
DA:22,1
DA:23,1
DA:24,1
DA:25,1
DA:26,1
LF:26
LH:14
BRDA:1,0,0,1
BRF:1
BRH:1
end_of_record
TN:
SF:lib/actions/move-to-init-location.js
FN:7,getId
FN:11,do
FNF:2
FNH:0
FNDA:0,getId
FNDA:0,do
DA:1,1
DA:2,1
DA:3,1
DA:4,1
DA:5,1
DA:6,1
DA:7,1
DA:8,0
DA:9,0
DA:10,1
DA:11,1
DA:12,0
DA:13,0
DA:14,0
DA:15,0
DA:16,0
DA:17,0
DA:18,0
DA:19,0
DA:20,0
DA:21,1
DA:22,1
DA:23,1
DA:24,1
DA:25,1
LF:25
LH:14
BRDA:1,0,0,1
BRF:1
BRH:1
end_of_record
TN:
SF:lib/actions/move-to-player-location.js
FN:7,getId
FN:11,do
FNF:2
FNH:0
FNDA:0,getId
FNDA:0,do
DA:1,1
DA:2,1
DA:3,1
DA:4,1
DA:5,1
DA:6,1
DA:7,1
DA:8,0
DA:9,0
DA:10,1
DA:11,1
DA:12,0
DA:13,0
DA:14,0
DA:15,0
DA:16,0
DA:17,0
DA:18,0
DA:19,0
DA:20,0
DA:21,0
DA:22,0
DA:23,1
DA:24,1
DA:25,1
DA:26,1
DA:27,1
LF:27
LH:14
BRDA:1,0,0,1
BRF:1
BRH:1
end_of_record
TN:
SF:lib/actions/respond-to-message.js
FN:41,getId
FN:45,do
FNF:2
FNH:0
FNDA:0,getId
FNDA:0,do
DA:1,1
DA:2,1
DA:3,1
DA:4,1
DA:5,1
DA:6,1
DA:7,1
DA:8,1
DA:9,1
DA:10,1
DA:11,1
DA:12,1
DA:13,1
DA:14,1
DA:15,1
DA:16,1
DA:17,1
DA:18,1
DA:19,1
DA:20,1
DA:21,1
DA:22,1
DA:23,1
DA:24,1
DA:25,1
DA:26,1
DA:27,1
DA:28,1
DA:29,1
DA:30,1
DA:31,1
DA:32,1
DA:33,1
DA:34,1
DA:35,1
DA:36,1
DA:37,1
DA:38,1
DA:39,1
DA:40,1
DA:41,1
DA:42,0
DA:43,0
DA:44,1
DA:45,1
DA:46,0
DA:47,0
DA:48,0
DA:49,0
DA:50,0
DA:51,0
DA:52,0
DA:53,0
DA:54,0
DA:55,0
DA:56,0
DA:57,0
DA:58,0
DA:59,0
DA:60,0
DA:61,0
DA:62,0
DA:63,0
DA:64,0
DA:65,0
DA:66,0
DA:67,0
DA:68,0
DA:69,0
DA:70,0
DA:71,0
DA:72,0
DA:73,0
DA:74,0
DA:75,0
DA:76,0
DA:77,0
DA:78,0
DA:79,0
DA:80,0
DA:81,0
DA:82,0
DA:83,1
DA:84,1
DA:85,1
DA:86,1
DA:87,1
LF:87
LH:48
BRDA:1,0,0,1
BRF:1
BRH:1
end_of_record
TN:
SF:lib/actions/say-current-location.js
FN:7,getId
FN:11,do
FNF:2
FNH:0
FNDA:0,getId
FNDA:0,do
DA:1,1
DA:2,1
DA:3,1
DA:4,1
DA:5,1
DA:6,1
DA:7,1
DA:8,0
DA:9,0
DA:10,1
DA:11,1
DA:12,0
DA:13,0
DA:14,0
DA:15,0
DA:16,0
DA:17,0
DA:18,0
DA:19,0
DA:20,0
DA:21,0
DA:22,0
DA:23,1
DA:24,1
DA:25,1
DA:26,1
DA:27,1
LF:27
LH:14
BRDA:1,0,0,1
BRF:1
BRH:1
end_of_record
TN:
SF:lib/actions/say-init-message.js
FN:8,getId
FN:12,do
FNF:2
FNH:0
FNDA:0,getId
FNDA:0,do
DA:1,1
DA:2,1
DA:3,1
DA:4,1
DA:5,1
DA:6,1
DA:7,1
DA:8,1
DA:9,0
DA:10,0
DA:11,1
DA:12,1
DA:13,0
DA:14,0
DA:15,0
DA:16,0
DA:17,0
DA:18,0
DA:19,0
DA:20,0
DA:21,1
DA:22,1
DA:23,1
DA:24,1
DA:25,1
LF:25
LH:15
BRDA:1,0,0,1
BRF:1
BRH:1
end_of_record
TN:
SF:lib/skills/base.js
FN:6,BaseSkill
FN:10,getId
FN:14,do
FNF:3
FNH:0
FNDA:0,BaseSkill
FNDA:0,getId
FNDA:0,do
DA:1,1
DA:2,1
DA:3,1
DA:4,1
DA:5,1
DA:6,1
DA:7,0
DA:8,0
DA:9,1
DA:10,1
DA:11,0
DA:12,0
DA:13,1
DA:14,1
DA:15,0
DA:16,0
DA:17,1
DA:18,1
DA:19,1
DA:20,1
DA:21,1
DA:22,1
LF:22
LH:16
BRDA:1,0,0,1
BRF:1
BRH:1
end_of_record
TN:
SF:lib/skills/empty-inventory.js
FN:7,getId
FN:11,do
FNF:2
FNH:0
FNDA:0,getId
FNDA:0,do
DA:1,1
DA:2,1
DA:3,1
DA:4,1
DA:5,1
DA:6,1
DA:7,1
DA:8,0
DA:9,0
DA:10,1
DA:11,1
DA:12,0
DA:13,0
DA:14,0
DA:15,0
DA:16,0
DA:17,0
DA:18,0
DA:19,0
DA:20,0
DA:21,1
DA:22,1
DA:23,1
DA:24,1
DA:25,1
LF:25
LH:14
BRDA:1,0,0,1
BRF:1
BRH:1
end_of_record
TN:
SF:lib/skills/guard-location.js
FN:6,getId
FN:10,do
FNF:2
FNH:0
FNDA:0,getId
FNDA:0,do
DA:1,1
DA:2,1
DA:3,1
DA:4,1
DA:5,1
DA:6,1
DA:7,0
DA:8,0
DA:9,1
DA:10,1
DA:11,0
DA:12,0
DA:13,0
DA:14,0
DA:15,1
DA:16,1
DA:17,1
DA:18,1
DA:19,1
LF:19
LH:13
BRDA:1,0,0,1
BRF:1
BRH:1
end_of_record
TN:
SF:lib/skills/message-chatgpt.js
FN:6,getId
FN:10,do
FNF:2
FNH:0
FNDA:0,getId
FNDA:0,do
DA:1,1
DA:2,1
DA:3,1
DA:4,1
DA:5,1
DA:6,1
DA:7,0
DA:8,0
DA:9,1
DA:10,1
DA:11,0
DA:12,0
DA:13,0
DA:14,1
DA:15,1
DA:16,1
DA:17,1
DA:18,1
LF:18
LH:13
BRDA:1,0,0,1
BRF:1
BRH:1
end_of_record
TN:
SF:lib/skills/move-to-location.js
FN:7,getId
FN:11,do
FNF:2
FNH:0
FNDA:0,getId
FNDA:0,do
DA:1,1
DA:2,1
DA:3,1
DA:4,1
DA:5,1
DA:6,1
DA:7,1
DA:8,0
DA:9,0
DA:10,1
DA:11,1
DA:12,0
DA:13,0
DA:14,0
DA:15,0
DA:16,1
DA:17,1
DA:18,1
DA:19,1
DA:20,1
LF:20
LH:14
BRDA:1,0,0,1
BRF:1
BRH:1
end_of_record
TN:
SF:lib/skills/say-message.js
FN:6,getId
FN:10,do
FNF:2
FNH:0
FNDA:0,getId
FNDA:0,do
DA:1,1
DA:2,1
DA:3,1
DA:4,1
DA:5,1
DA:6,1
DA:7,0
DA:8,0
DA:9,1
DA:10,1
DA:11,0
DA:12,0
DA:13,1
DA:14,1
DA:15,1
DA:16,1
DA:17,1
LF:17
LH:13
BRDA:1,0,0,1
BRF:1
BRH:1
end_of_record
