TN:
SF:lib/cli.js
FN:8,_start
FN:9,cb
FN:80,exec
FNF:3
FNH:3
FNDA:3,_start
FNDA:2,cb
FNDA:4,exec
DA:1,1
DA:2,1
DA:3,1
DA:4,1
DA:5,1
DA:6,1
DA:7,1
DA:8,3
DA:9,3
DA:10,2
DA:11,1
DA:12,1
DA:13,1
DA:14,1
DA:15,1
DA:16,1
DA:17,1
DA:18,1
DA:19,1
DA:20,1
DA:21,1
DA:22,1
DA:23,1
DA:24,1
DA:25,1
DA:26,1
DA:27,1
DA:28,1
DA:29,1
DA:30,1
DA:31,1
DA:32,1
DA:33,1
DA:34,1
DA:35,1
DA:36,1
DA:37,1
DA:38,1
DA:39,1
DA:40,1
DA:41,1
DA:42,1
DA:43,1
DA:44,1
DA:45,2
DA:46,3
DA:47,3
DA:48,3
DA:49,3
DA:50,3
DA:51,3
DA:52,3
DA:53,3
DA:54,3
DA:55,3
DA:56,3
DA:57,3
DA:58,3
DA:59,3
DA:60,3
DA:61,3
DA:62,3
DA:63,3
DA:64,3
DA:65,3
DA:66,3
DA:67,3
DA:68,3
DA:69,3
DA:70,3
DA:71,3
DA:72,3
DA:73,3
DA:74,3
DA:75,3
DA:76,1
DA:77,1
DA:78,1
DA:79,1
DA:80,4
DA:81,4
DA:82,4
DA:83,4
DA:84,4
DA:85,4
DA:86,4
DA:87,4
DA:88,4
DA:89,1
DA:90,1
DA:91,1
DA:92,1
DA:93,1
DA:94,1
LF:94
LH:94
BRDA:1,0,0,1
BRDA:8,1,0,3
BRDA:47,2,0,1
BRDA:9,3,0,2
BRDA:10,4,0,1
BRDA:80,5,0,4
BRF:6
BRH:6
end_of_record
TN:
SF:lib/minecraft-npc.js
FN:22,MinecraftNpc
FN:38,start
FN:128,_getMinecraftNpcVersion
FNF:3
FNH:3
FNDA:4,MinecraftNpc
FNDA:1,start
FNDA:1,_getMinecraftNpcVersion
DA:1,1
DA:2,1
DA:3,1
DA:4,1
DA:5,1
DA:6,1
DA:7,1
DA:8,1
DA:9,1
DA:10,1
DA:11,1
DA:12,1
DA:13,1
DA:14,1
DA:15,1
DA:16,1
DA:17,1
DA:18,1
DA:19,1
DA:20,1
DA:21,1
DA:22,1
DA:23,4
DA:24,4
DA:25,4
DA:26,4
DA:27,4
DA:28,4
DA:29,4
DA:30,4
DA:31,4
DA:32,4
DA:33,4
DA:34,4
DA:35,1
DA:36,1
DA:37,1
DA:38,1
DA:39,1
DA:40,1
DA:41,1
DA:42,1
DA:43,1
DA:44,1
DA:45,1
DA:46,1
DA:47,1
DA:48,1
DA:49,1
DA:50,1
DA:51,1
DA:52,1
DA:53,1
DA:54,1
DA:55,1
DA:56,1
DA:57,1
DA:58,1
DA:59,1
DA:60,1
DA:61,1
DA:62,1
DA:63,1
DA:64,1
DA:65,1
DA:66,1
DA:67,1
DA:68,1
DA:69,1
DA:70,1
DA:71,1
DA:72,1
DA:73,1
DA:74,1
DA:75,1
DA:76,1
DA:77,1
DA:78,1
DA:79,1
DA:80,1
DA:81,1
DA:82,1
DA:83,0
DA:84,0
DA:85,0
DA:86,0
DA:87,0
DA:88,0
DA:89,0
DA:90,0
DA:91,0
DA:92,0
DA:93,0
DA:94,0
DA:95,0
DA:96,0
DA:97,0
DA:98,0
DA:99,0
DA:100,0
DA:101,0
DA:102,0
DA:103,0
DA:104,0
DA:105,0
DA:106,0
DA:107,0
DA:108,0
DA:109,0
DA:110,0
DA:111,0
DA:112,0
DA:113,0
DA:114,0
DA:115,0
DA:116,0
DA:117,0
DA:118,0
DA:119,0
DA:120,0
DA:121,0
DA:122,0
DA:123,0
DA:124,0
DA:125,1
DA:126,1
DA:127,1
DA:128,1
DA:129,1
DA:130,1
DA:131,1
DA:132,1
DA:133,1
DA:134,1
DA:135,1
DA:136,1
LF:136
LH:94
BRDA:1,0,0,1
BRDA:22,1,0,4
BRDA:24,2,0,3
BRDA:25,3,0,3
BRDA:27,4,0,3
BRDA:38,5,0,1
BRDA:72,6,0,1
BRDA:76,7,0,1
BRDA:128,8,0,1
BRF:9
BRH:9
end_of_record
TN:
SF:lib/npc.js
FN:60,Npc
FN:66,getBot
FN:70,getRegister
FN:74,getOpts
FN:78,getPosition
FN:82,getPlayerPosition
FN:86,eat
FN:89,validation
FN:102,emptyInventory
FN:105,validation
FN:118,guardLocation
FN:123,validation
FN:136,messageChatGpt
FN:139,validation
FN:152,moveToLocation
FN:155,validation
FN:168,moveToObject
FN:171,validation
FN:184,moveBlocksDistanceToDirection
FN:187,validation
FN:200,sayMessage
FN:203,validation
FN:216,sleep
FN:219,validation
FN:232,stop
FN:235,validation
FN:248,followPlayer
FN:251,validation
FN:264,jump
FN:267,validation
FN:280,lookAtLocation
FN:283,validation
FN:296,faceDirection
FN:299,validation
FN:312,wander
FN:315,validation
FN:328,attackPlayer
FN:331,validation
FN:344,attackNearestEntity
FN:347,validation
FN:360,huntFood
FN:363,validation
FN:376,defendPlayer
FN:379,validation
FN:392,flee
FN:395,validation
FN:408,equipItem
FN:411,validation
FN:425,equipArmor
FN:428,validation
FN:441,unequipItem
FN:444,validation
FN:457,dropItem
FN:460,validation
FN:473,tossHeldItem
FN:476,validation
FN:489,giveItem
FN:492,validation
FN:506,eatFood
FN:509,validation
FN:522,collectItems
FN:525,validation
FN:538,digBlock
FN:541,validation
FN:554,placeBlock
FN:557,validation
FN:570,collectBlock
FN:573,validation
FN:586,harvestCrops
FN:589,validation
FN:602,plantSeeds
FN:605,validation
FN:618,tillSoil
FN:621,validation
FN:634,activateBlock
FN:637,validation
FN:650,buildPillar
FN:653,validation
FN:666,craftItem
FN:669,validation
FN:682,smeltItem
FN:685,validation
FN:698,listChest
FN:701,validation
FN:714,depositToChest
FN:717,validation
FN:730,withdrawFromChest
FN:733,validation
FN:746,withdrawAllFromChest
FN:749,validation
FN:762,mountEntity
FN:765,validation
FN:778,dismount
FN:781,validation
FN:794,fish
FN:797,validation
FN:810,useItemOnEntity
FN:813,validation
FN:827,feedAnimal
FN:830,validation
FN:843,breedAnimals
FN:846,validation
FN:859,activateItem
FN:862,validation
FN:875,sneak
FN:878,validation
FN:891,sprint
FN:894,validation
FN:907,swingArm
FN:910,validation
FN:923,dance
FN:926,validation
FN:939,gesture
FN:942,validation
FN:955,whisper
FN:958,validation
FN:972,_doSkill
FNF:117
FNH:117
FNDA:59,Npc
FNDA:2,getBot
FNDA:1,getRegister
FNDA:2,getOpts
FNDA:1,getPosition
FNDA:1,getPlayerPosition
FNDA:1,eat
FNDA:1,validation
FNDA:1,emptyInventory
FNDA:1,validation
FNDA:1,guardLocation
FNDA:1,validation
FNDA:1,messageChatGpt
FNDA:1,validation
FNDA:3,moveToLocation
FNDA:3,validation
FNDA:2,moveToObject
FNDA:2,validation
FNDA:2,moveBlocksDistanceToDirection
FNDA:2,validation
FNDA:2,sayMessage
FNDA:2,validation
FNDA:1,sleep
FNDA:1,validation
FNDA:1,stop
FNDA:1,validation
FNDA:1,followPlayer
FNDA:1,validation
FNDA:1,jump
FNDA:1,validation
FNDA:1,lookAtLocation
FNDA:1,validation
FNDA:1,faceDirection
FNDA:1,validation
FNDA:1,wander
FNDA:1,validation
FNDA:1,attackPlayer
FNDA:1,validation
FNDA:1,attackNearestEntity
FNDA:1,validation
FNDA:1,huntFood
FNDA:1,validation
FNDA:1,defendPlayer
FNDA:1,validation
FNDA:1,flee
FNDA:1,validation
FNDA:1,equipItem
FNDA:1,validation
FNDA:1,equipArmor
FNDA:1,validation
FNDA:1,unequipItem
FNDA:1,validation
FNDA:1,dropItem
FNDA:1,validation
FNDA:1,tossHeldItem
FNDA:1,validation
FNDA:1,giveItem
FNDA:1,validation
FNDA:1,eatFood
FNDA:1,validation
FNDA:1,collectItems
FNDA:1,validation
FNDA:1,digBlock
FNDA:1,validation
FNDA:1,placeBlock
FNDA:1,validation
FNDA:1,collectBlock
FNDA:1,validation
FNDA:1,harvestCrops
FNDA:1,validation
FNDA:1,plantSeeds
FNDA:1,validation
FNDA:1,tillSoil
FNDA:1,validation
FNDA:1,activateBlock
FNDA:1,validation
FNDA:1,buildPillar
FNDA:1,validation
FNDA:1,craftItem
FNDA:1,validation
FNDA:1,smeltItem
FNDA:1,validation
FNDA:1,listChest
FNDA:1,validation
FNDA:1,depositToChest
FNDA:1,validation
FNDA:1,withdrawFromChest
FNDA:1,validation
FNDA:1,withdrawAllFromChest
FNDA:1,validation
FNDA:1,mountEntity
FNDA:1,validation
FNDA:1,dismount
FNDA:1,validation
FNDA:1,fish
FNDA:1,validation
FNDA:1,useItemOnEntity
FNDA:1,validation
FNDA:1,feedAnimal
FNDA:1,validation
FNDA:1,breedAnimals
FNDA:1,validation
FNDA:1,activateItem
FNDA:1,validation
FNDA:1,sneak
FNDA:1,validation
FNDA:1,sprint
FNDA:1,validation
FNDA:1,swingArm
FNDA:1,validation
FNDA:1,dance
FNDA:1,validation
FNDA:1,gesture
FNDA:1,validation
FNDA:1,whisper
FNDA:1,validation
FNDA:60,_doSkill
DA:1,1
DA:2,1
DA:3,1
DA:4,1
DA:5,1
DA:6,1
DA:7,1
DA:8,1
DA:9,1
DA:10,1
DA:11,1
DA:12,1
DA:13,1
DA:14,1
DA:15,1
DA:16,1
DA:17,1
DA:18,1
DA:19,1
DA:20,1
DA:21,1
DA:22,1
DA:23,1
DA:24,1
DA:25,1
DA:26,1
DA:27,1
DA:28,1
DA:29,1
DA:30,1
DA:31,1
DA:32,1
DA:33,1
DA:34,1
DA:35,1
DA:36,1
DA:37,1
DA:38,1
DA:39,1
DA:40,1
DA:41,1
DA:42,1
DA:43,1
DA:44,1
DA:45,1
DA:46,1
DA:47,1
DA:48,1
DA:49,1
DA:50,1
DA:51,1
DA:52,1
DA:53,1
DA:54,1
DA:55,1
DA:56,1
DA:57,1
DA:58,1
DA:59,1
DA:60,1
DA:61,59
DA:62,59
DA:63,59
DA:64,59
DA:65,1
DA:66,1
DA:67,2
DA:68,2
DA:69,1
DA:70,1
DA:71,1
DA:72,1
DA:73,1
DA:74,1
DA:75,2
DA:76,2
DA:77,1
DA:78,1
DA:79,1
DA:80,1
DA:81,1
DA:82,1
DA:83,1
DA:84,1
DA:85,1
DA:86,1
DA:87,1
DA:88,1
DA:89,1
DA:90,1
DA:91,1
DA:92,1
DA:93,1
DA:94,1
DA:95,1
DA:96,1
DA:97,1
DA:98,1
DA:99,1
DA:100,1
DA:101,1
DA:102,1
DA:103,1
DA:104,1
DA:105,1
DA:106,1
DA:107,1
DA:108,1
DA:109,1
DA:110,1
DA:111,1
DA:112,1
DA:113,1
DA:114,1
DA:115,1
DA:116,1
DA:117,1
DA:118,1
DA:119,1
DA:120,1
DA:121,1
DA:122,1
DA:123,1
DA:124,1
DA:125,1
DA:126,1
DA:127,1
DA:128,1
DA:129,1
DA:130,1
DA:131,1
DA:132,1
DA:133,1
DA:134,1
DA:135,1
DA:136,1
DA:137,1
DA:138,1
DA:139,1
DA:140,1
DA:141,1
DA:142,1
DA:143,1
DA:144,1
DA:145,1
DA:146,1
DA:147,1
DA:148,1
DA:149,1
DA:150,1
DA:151,1
DA:152,1
DA:153,3
DA:154,3
DA:155,3
DA:156,3
DA:157,3
DA:158,3
DA:159,3
DA:160,3
DA:161,3
DA:162,3
DA:163,3
DA:164,3
DA:165,3
DA:166,3
DA:167,1
DA:168,1
DA:169,2
DA:170,2
DA:171,2
DA:172,2
DA:173,2
DA:174,2
DA:175,2
DA:176,2
DA:177,2
DA:178,2
DA:179,2
DA:180,2
DA:181,2
DA:182,2
DA:183,1
DA:184,1
DA:185,2
DA:186,2
DA:187,2
DA:188,2
DA:189,2
DA:190,2
DA:191,2
DA:192,2
DA:193,2
DA:194,2
DA:195,2
DA:196,2
DA:197,2
DA:198,2
DA:199,1
DA:200,1
DA:201,2
DA:202,2
DA:203,2
DA:204,2
DA:205,2
DA:206,2
DA:207,2
DA:208,2
DA:209,2
DA:210,2
DA:211,2
DA:212,2
DA:213,2
DA:214,2
DA:215,1
DA:216,1
DA:217,1
DA:218,1
DA:219,1
DA:220,1
DA:221,1
DA:222,1
DA:223,1
DA:224,1
DA:225,1
DA:226,1
DA:227,1
DA:228,1
DA:229,1
DA:230,1
DA:231,1
DA:232,1
DA:233,1
DA:234,1
DA:235,1
DA:236,1
DA:237,1
DA:238,1
DA:239,1
DA:240,1
DA:241,1
DA:242,1
DA:243,1
DA:244,1
DA:245,1
DA:246,1
DA:247,1
DA:248,1
DA:249,1
DA:250,1
DA:251,1
DA:252,1
DA:253,1
DA:254,1
DA:255,1
DA:256,1
DA:257,1
DA:258,1
DA:259,1
DA:260,1
DA:261,1
DA:262,1
DA:263,1
DA:264,1
DA:265,1
DA:266,1
DA:267,1
DA:268,1
DA:269,1
DA:270,1
DA:271,1
DA:272,1
DA:273,1
DA:274,1
DA:275,1
DA:276,1
DA:277,1
DA:278,1
DA:279,1
DA:280,1
DA:281,1
DA:282,1
DA:283,1
DA:284,1
DA:285,1
DA:286,1
DA:287,1
DA:288,1
DA:289,1
DA:290,1
DA:291,1
DA:292,1
DA:293,1
DA:294,1
DA:295,1
DA:296,1
DA:297,1
DA:298,1
DA:299,1
DA:300,1
DA:301,1
DA:302,1
DA:303,1
DA:304,1
DA:305,1
DA:306,1
DA:307,1
DA:308,1
DA:309,1
DA:310,1
DA:311,1
DA:312,1
DA:313,1
DA:314,1
DA:315,1
DA:316,1
DA:317,1
DA:318,1
DA:319,1
DA:320,1
DA:321,1
DA:322,1
DA:323,1
DA:324,1
DA:325,1
DA:326,1
DA:327,1
DA:328,1
DA:329,1
DA:330,1
DA:331,1
DA:332,1
DA:333,1
DA:334,1
DA:335,1
DA:336,1
DA:337,1
DA:338,1
DA:339,1
DA:340,1
DA:341,1
DA:342,1
DA:343,1
DA:344,1
DA:345,1
DA:346,1
DA:347,1
DA:348,1
DA:349,1
DA:350,1
DA:351,1
DA:352,1
DA:353,1
DA:354,1
DA:355,1
DA:356,1
DA:357,1
DA:358,1
DA:359,1
DA:360,1
DA:361,1
DA:362,1
DA:363,1
DA:364,1
DA:365,1
DA:366,1
DA:367,1
DA:368,1
DA:369,1
DA:370,1
DA:371,1
DA:372,1
DA:373,1
DA:374,1
DA:375,1
DA:376,1
DA:377,1
DA:378,1
DA:379,1
DA:380,1
DA:381,1
DA:382,1
DA:383,1
DA:384,1
DA:385,1
DA:386,1
DA:387,1
DA:388,1
DA:389,1
DA:390,1
DA:391,1
DA:392,1
DA:393,1
DA:394,1
DA:395,1
DA:396,1
DA:397,1
DA:398,1
DA:399,1
DA:400,1
DA:401,1
DA:402,1
DA:403,1
DA:404,1
DA:405,1
DA:406,1
DA:407,1
DA:408,1
DA:409,1
DA:410,1
DA:411,1
DA:412,1
DA:413,1
DA:414,1
DA:415,1
DA:416,1
DA:417,1
DA:418,1
DA:419,1
DA:420,1
DA:421,1
DA:422,1
DA:423,1
DA:424,1
DA:425,1
DA:426,1
DA:427,1
DA:428,1
DA:429,1
DA:430,1
DA:431,1
DA:432,1
DA:433,1
DA:434,1
DA:435,1
DA:436,1
DA:437,1
DA:438,1
DA:439,1
DA:440,1
DA:441,1
DA:442,1
DA:443,1
DA:444,1
DA:445,1
DA:446,1
DA:447,1
DA:448,1
DA:449,1
DA:450,1
DA:451,1
DA:452,1
DA:453,1
DA:454,1
DA:455,1
DA:456,1
DA:457,1
DA:458,1
DA:459,1
DA:460,1
DA:461,1
DA:462,1
DA:463,1
DA:464,1
DA:465,1
DA:466,1
DA:467,1
DA:468,1
DA:469,1
DA:470,1
DA:471,1
DA:472,1
DA:473,1
DA:474,1
DA:475,1
DA:476,1
DA:477,1
DA:478,1
DA:479,1
DA:480,1
DA:481,1
DA:482,1
DA:483,1
DA:484,1
DA:485,1
DA:486,1
DA:487,1
DA:488,1
DA:489,1
DA:490,1
DA:491,1
DA:492,1
DA:493,1
DA:494,1
DA:495,1
DA:496,1
DA:497,1
DA:498,1
DA:499,1
DA:500,1
DA:501,1
DA:502,1
DA:503,1
DA:504,1
DA:505,1
DA:506,1
DA:507,1
DA:508,1
DA:509,1
DA:510,1
DA:511,1
DA:512,1
DA:513,1
DA:514,1
DA:515,1
DA:516,1
DA:517,1
DA:518,1
DA:519,1
DA:520,1
DA:521,1
DA:522,1
DA:523,1
DA:524,1
DA:525,1
DA:526,1
DA:527,1
DA:528,1
DA:529,1
DA:530,1
DA:531,1
DA:532,1
DA:533,1
DA:534,1
DA:535,1
DA:536,1
DA:537,1
DA:538,1
DA:539,1
DA:540,1
DA:541,1
DA:542,1
DA:543,1
DA:544,1
DA:545,1
DA:546,1
DA:547,1
DA:548,1
DA:549,1
DA:550,1
DA:551,1
DA:552,1
DA:553,1
DA:554,1
DA:555,1
DA:556,1
DA:557,1
DA:558,1
DA:559,1
DA:560,1
DA:561,1
DA:562,1
DA:563,1
DA:564,1
DA:565,1
DA:566,1
DA:567,1
DA:568,1
DA:569,1
DA:570,1
DA:571,1
DA:572,1
DA:573,1
DA:574,1
DA:575,1
DA:576,1
DA:577,1
DA:578,1
DA:579,1
DA:580,1
DA:581,1
DA:582,1
DA:583,1
DA:584,1
DA:585,1
DA:586,1
DA:587,1
DA:588,1
DA:589,1
DA:590,1
DA:591,1
DA:592,1
DA:593,1
DA:594,1
DA:595,1
DA:596,1
DA:597,1
DA:598,1
DA:599,1
DA:600,1
DA:601,1
DA:602,1
DA:603,1
DA:604,1
DA:605,1
DA:606,1
DA:607,1
DA:608,1
DA:609,1
DA:610,1
DA:611,1
DA:612,1
DA:613,1
DA:614,1
DA:615,1
DA:616,1
DA:617,1
DA:618,1
DA:619,1
DA:620,1
DA:621,1
DA:622,1
DA:623,1
DA:624,1
DA:625,1
DA:626,1
DA:627,1
DA:628,1
DA:629,1
DA:630,1
DA:631,1
DA:632,1
DA:633,1
DA:634,1
DA:635,1
DA:636,1
DA:637,1
DA:638,1
DA:639,1
DA:640,1
DA:641,1
DA:642,1
DA:643,1
DA:644,1
DA:645,1
DA:646,1
DA:647,1
DA:648,1
DA:649,1
DA:650,1
DA:651,1
DA:652,1
DA:653,1
DA:654,1
DA:655,1
DA:656,1
DA:657,1
DA:658,1
DA:659,1
DA:660,1
DA:661,1
DA:662,1
DA:663,1
DA:664,1
DA:665,1
DA:666,1
DA:667,1
DA:668,1
DA:669,1
DA:670,1
DA:671,1
DA:672,1
DA:673,1
DA:674,1
DA:675,1
DA:676,1
DA:677,1
DA:678,1
DA:679,1
DA:680,1
DA:681,1
DA:682,1
DA:683,1
DA:684,1
DA:685,1
DA:686,1
DA:687,1
DA:688,1
DA:689,1
DA:690,1
DA:691,1
DA:692,1
DA:693,1
DA:694,1
DA:695,1
DA:696,1
DA:697,1
DA:698,1
DA:699,1
DA:700,1
DA:701,1
DA:702,1
DA:703,1
DA:704,1
DA:705,1
DA:706,1
DA:707,1
DA:708,1
DA:709,1
DA:710,1
DA:711,1
DA:712,1
DA:713,1
DA:714,1
DA:715,1
DA:716,1
DA:717,1
DA:718,1
DA:719,1
DA:720,1
DA:721,1
DA:722,1
DA:723,1
DA:724,1
DA:725,1
DA:726,1
DA:727,1
DA:728,1
DA:729,1
DA:730,1
DA:731,1
DA:732,1
DA:733,1
DA:734,1
DA:735,1
DA:736,1
DA:737,1
DA:738,1
DA:739,1
DA:740,1
DA:741,1
DA:742,1
DA:743,1
DA:744,1
DA:745,1
DA:746,1
DA:747,1
DA:748,1
DA:749,1
DA:750,1
DA:751,1
DA:752,1
DA:753,1
DA:754,1
DA:755,1
DA:756,1
DA:757,1
DA:758,1
DA:759,1
DA:760,1
DA:761,1
DA:762,1
DA:763,1
DA:764,1
DA:765,1
DA:766,1
DA:767,1
DA:768,1
DA:769,1
DA:770,1
DA:771,1
DA:772,1
DA:773,1
DA:774,1
DA:775,1
DA:776,1
DA:777,1
DA:778,1
DA:779,1
DA:780,1
DA:781,1
DA:782,1
DA:783,1
DA:784,1
DA:785,1
DA:786,1
DA:787,1
DA:788,1
DA:789,1
DA:790,1
DA:791,1
DA:792,1
DA:793,1
DA:794,1
DA:795,1
DA:796,1
DA:797,1
DA:798,1
DA:799,1
DA:800,1
DA:801,1
DA:802,1
DA:803,1
DA:804,1
DA:805,1
DA:806,1
DA:807,1
DA:808,1
DA:809,1
DA:810,1
DA:811,1
DA:812,1
DA:813,1
DA:814,1
DA:815,1
DA:816,1
DA:817,1
DA:818,1
DA:819,1
DA:820,1
DA:821,1
DA:822,1
DA:823,1
DA:824,1
DA:825,1
DA:826,1
DA:827,1
DA:828,1
DA:829,1
DA:830,1
DA:831,1
DA:832,1
DA:833,1
DA:834,1
DA:835,1
DA:836,1
DA:837,1
DA:838,1
DA:839,1
DA:840,1
DA:841,1
DA:842,1
DA:843,1
DA:844,1
DA:845,1
DA:846,1
DA:847,1
DA:848,1
DA:849,1
DA:850,1
DA:851,1
DA:852,1
DA:853,1
DA:854,1
DA:855,1
DA:856,1
DA:857,1
DA:858,1
DA:859,1
DA:860,1
DA:861,1
DA:862,1
DA:863,1
DA:864,1
DA:865,1
DA:866,1
DA:867,1
DA:868,1
DA:869,1
DA:870,1
DA:871,1
DA:872,1
DA:873,1
DA:874,1
DA:875,1
DA:876,1
DA:877,1
DA:878,1
DA:879,1
DA:880,1
DA:881,1
DA:882,1
DA:883,1
DA:884,1
DA:885,1
DA:886,1
DA:887,1
DA:888,1
DA:889,1
DA:890,1
DA:891,1
DA:892,1
DA:893,1
DA:894,1
DA:895,1
DA:896,1
DA:897,1
DA:898,1
DA:899,1
DA:900,1
DA:901,1
DA:902,1
DA:903,1
DA:904,1
DA:905,1
DA:906,1
DA:907,1
DA:908,1
DA:909,1
DA:910,1
DA:911,1
DA:912,1
DA:913,1
DA:914,1
DA:915,1
DA:916,1
DA:917,1
DA:918,1
DA:919,1
DA:920,1
DA:921,1
DA:922,1
DA:923,1
DA:924,1
DA:925,1
DA:926,1
DA:927,1
DA:928,1
DA:929,1
DA:930,1
DA:931,1
DA:932,1
DA:933,1
DA:934,1
DA:935,1
DA:936,1
DA:937,1
DA:938,1
DA:939,1
DA:940,1
DA:941,1
DA:942,1
DA:943,1
DA:944,1
DA:945,1
DA:946,1
DA:947,1
DA:948,1
DA:949,1
DA:950,1
DA:951,1
DA:952,1
DA:953,1
DA:954,1
DA:955,1
DA:956,1
DA:957,1
DA:958,1
DA:959,1
DA:960,1
DA:961,1
DA:962,1
DA:963,1
DA:964,1
DA:965,1
DA:966,1
DA:967,1
DA:968,1
DA:969,1
DA:970,1
DA:971,1
DA:972,1
DA:973,60
DA:974,60
DA:975,60
DA:976,57
DA:977,57
DA:978,56
DA:979,56
DA:980,57
DA:981,1
DA:982,1
DA:983,1
DA:984,1
DA:985,60
DA:986,3
DA:987,3
DA:988,3
DA:989,60
DA:990,60
DA:991,60
DA:992,1
DA:993,1
DA:994,1
LF:994
LH:994
BRDA:1,0,0,1
BRDA:60,1,0,59
BRDA:66,2,0,2
BRDA:70,3,0,1
BRDA:74,4,0,2
BRDA:78,5,0,1
BRDA:82,6,0,1
BRDA:86,7,0,1
BRDA:89,8,0,1
BRDA:102,9,0,1
BRDA:105,10,0,1
BRDA:118,11,0,1
BRDA:123,12,0,1
BRDA:136,13,0,1
BRDA:139,14,0,1
BRDA:152,15,0,3
BRDA:155,16,0,3
BRDA:168,17,0,2
BRDA:171,18,0,2
BRDA:184,19,0,2
BRDA:187,20,0,2
BRDA:200,21,0,2
BRDA:203,22,0,2
BRDA:216,23,0,1
BRDA:219,24,0,1
BRDA:232,25,0,1
BRDA:235,26,0,1
BRDA:248,27,0,1
BRDA:251,28,0,1
BRDA:264,29,0,1
BRDA:267,30,0,1
BRDA:280,31,0,1
BRDA:283,32,0,1
BRDA:296,33,0,1
BRDA:299,34,0,1
BRDA:312,35,0,1
BRDA:315,36,0,1
BRDA:328,37,0,1
BRDA:331,38,0,1
BRDA:344,39,0,1
BRDA:347,40,0,1
BRDA:360,41,0,1
BRDA:363,42,0,1
BRDA:376,43,0,1
BRDA:379,44,0,1
BRDA:392,45,0,1
BRDA:395,46,0,1
BRDA:408,47,0,1
BRDA:411,48,0,1
BRDA:425,49,0,1
BRDA:428,50,0,1
BRDA:441,51,0,1
BRDA:444,52,0,1
BRDA:457,53,0,1
BRDA:460,54,0,1
BRDA:473,55,0,1
BRDA:476,56,0,1
BRDA:489,57,0,1
BRDA:492,58,0,1
BRDA:506,59,0,1
BRDA:509,60,0,1
BRDA:522,61,0,1
BRDA:525,62,0,1
BRDA:538,63,0,1
BRDA:541,64,0,1
BRDA:554,65,0,1
BRDA:557,66,0,1
BRDA:570,67,0,1
BRDA:573,68,0,1
BRDA:586,69,0,1
BRDA:589,70,0,1
BRDA:602,71,0,1
BRDA:605,72,0,1
BRDA:618,73,0,1
BRDA:621,74,0,1
BRDA:634,75,0,1
BRDA:637,76,0,1
BRDA:650,77,0,1
BRDA:653,78,0,1
BRDA:666,79,0,1
BRDA:669,80,0,1
BRDA:682,81,0,1
BRDA:685,82,0,1
BRDA:698,83,0,1
BRDA:701,84,0,1
BRDA:714,85,0,1
BRDA:717,86,0,1
BRDA:730,87,0,1
BRDA:733,88,0,1
BRDA:746,89,0,1
BRDA:749,90,0,1
BRDA:762,91,0,1
BRDA:765,92,0,1
BRDA:778,93,0,1
BRDA:781,94,0,1
BRDA:794,95,0,1
BRDA:797,96,0,1
BRDA:810,97,0,1
BRDA:813,98,0,1
BRDA:827,99,0,1
BRDA:830,100,0,1
BRDA:843,101,0,1
BRDA:846,102,0,1
BRDA:859,103,0,1
BRDA:862,104,0,1
BRDA:875,105,0,1
BRDA:878,106,0,1
BRDA:891,107,0,1
BRDA:894,108,0,1
BRDA:907,109,0,1
BRDA:910,110,0,1
BRDA:923,111,0,1
BRDA:926,112,0,1
BRDA:939,113,0,1
BRDA:942,114,0,1
BRDA:955,115,0,1
BRDA:958,116,0,1
BRDA:972,117,0,60
BRDA:975,118,0,57
BRDA:978,119,0,56
BRDA:980,120,0,1
BRDA:985,121,0,3
BRF:122
BRH:122
end_of_record
TN:
SF:lib/register.js
FN:2,Register
FN:7,setActionInfo
FN:17,_setLatestActionInfo
FN:26,getActionInfo
FN:30,getLatestAction
FNF:5
FNH:5
FNDA:65,Register
FNDA:6,setActionInfo
FNDA:6,_setLatestActionInfo
FNDA:1,getActionInfo
FNDA:1,getLatestAction
DA:1,1
DA:2,1
DA:3,65
DA:4,65
DA:5,65
DA:6,1
DA:7,1
DA:8,6
DA:9,6
DA:10,6
DA:11,6
DA:12,6
DA:13,6
DA:14,6
DA:15,6
DA:16,1
DA:17,1
DA:18,6
DA:19,6
DA:20,6
DA:21,6
DA:22,6
DA:23,6
DA:24,6
DA:25,1
DA:26,1
DA:27,1
DA:28,1
DA:29,1
DA:30,1
DA:31,1
DA:32,1
DA:33,1
DA:34,1
DA:35,1
LF:35
LH:35
BRDA:1,0,0,1
BRDA:2,1,0,65
BRDA:7,2,0,6
BRDA:12,3,0,5
BRDA:17,4,0,6
BRDA:22,5,0,4
BRDA:26,6,0,1
BRDA:30,7,0,1
BRF:8
BRH:8
end_of_record
TN:
SF:lib/validator.js
FN:3,isValidCoord
FN:7,isValidMessage
FN:11,isValidMoveDirection
FN:22,isValidFaceDirection
FN:26,isValidEquipDestination
FN:33,isValidDigTarget
FN:37,isValidPositiveInteger
FN:41,isValidBoolean
FN:45,isValidGesture
FNF:9
FNH:9
FNDA:7,isValidCoord
FNDA:31,isValidMessage
FNDA:5,isValidMoveDirection
FNDA:4,isValidFaceDirection
FNDA:4,isValidEquipDestination
FNDA:4,isValidDigTarget
FNDA:4,isValidPositiveInteger
FNDA:4,isValidBoolean
FNDA:4,isValidGesture
DA:1,1
DA:2,1
DA:3,7
DA:4,7
DA:5,7
DA:6,1
DA:7,31
DA:8,31
DA:9,31
DA:10,1
DA:11,5
DA:12,5
DA:13,5
DA:14,5
DA:15,3
DA:16,3
DA:17,3
DA:18,3
DA:19,5
DA:20,5
DA:21,1
DA:22,4
DA:23,4
DA:24,4
DA:25,1
DA:26,4
DA:27,4
DA:28,4
DA:29,4
DA:30,4
DA:31,4
DA:32,1
DA:33,4
DA:34,4
DA:35,4
DA:36,1
DA:37,4
DA:38,4
DA:39,4
DA:40,1
DA:41,4
DA:42,4
DA:43,4
DA:44,1
DA:45,4
DA:46,4
DA:47,4
DA:48,1
DA:49,1
DA:50,1
DA:51,1
DA:52,1
DA:53,1
DA:54,1
DA:55,1
DA:56,1
DA:57,1
DA:58,1
DA:59,1
DA:60,1
DA:61,1
LF:61
LH:61
BRDA:1,0,0,1
BRDA:3,1,0,7
BRDA:4,2,0,6
BRDA:4,3,0,5
BRDA:7,4,0,31
BRDA:8,5,0,30
BRDA:11,6,0,5
BRDA:14,7,0,3
BRDA:22,8,0,4
BRDA:26,9,0,4
BRDA:33,10,0,4
BRDA:37,11,0,4
BRDA:38,12,0,3
BRDA:41,13,0,4
BRDA:45,14,0,4
BRF:15
BRH:15
end_of_record
TN:
SF:lib/actions/attack-nearest-mob.js
FN:6,getId
FN:10,do
FNF:2
FNH:2
FNDA:1,getId
FNDA:1,do
DA:1,1
DA:2,1
DA:3,1
DA:4,1
DA:5,1
DA:6,1
DA:7,1
DA:8,1
DA:9,1
DA:10,1
DA:11,1
DA:12,1
DA:13,1
DA:14,1
DA:15,1
DA:16,1
DA:17,1
DA:18,1
DA:19,1
LF:19
LH:19
BRDA:1,0,0,1
BRDA:6,1,0,1
BRDA:10,2,0,1
BRF:3
BRH:3
end_of_record
TN:
SF:lib/actions/attack-player.js
FN:6,getId
FN:10,do
FNF:2
FNH:2
FNDA:1,getId
FNDA:1,do
DA:1,1
DA:2,1
DA:3,1
DA:4,1
DA:5,1
DA:6,1
DA:7,1
DA:8,1
DA:9,1
DA:10,1
DA:11,1
DA:12,1
DA:13,1
DA:14,1
DA:15,1
DA:16,1
DA:17,1
DA:18,1
DA:19,1
LF:19
LH:19
BRDA:1,0,0,1
BRDA:6,1,0,1
BRDA:10,2,0,1
BRF:3
BRH:3
end_of_record
TN:
SF:lib/actions/back-away.js
FN:6,getId
FN:10,do
FNF:2
FNH:2
FNDA:1,getId
FNDA:1,do
DA:1,1
DA:2,1
DA:3,1
DA:4,1
DA:5,1
DA:6,1
DA:7,1
DA:8,1
DA:9,1
DA:10,1
DA:11,1
DA:12,1
DA:13,1
DA:14,1
DA:15,1
DA:16,1
DA:17,1
LF:17
LH:17
BRDA:1,0,0,1
BRDA:6,1,0,1
BRDA:10,2,0,1
BRF:3
BRH:3
end_of_record
TN:
SF:lib/actions/base.js
FN:5,BaseAction
FN:9,getId
FN:13,do
FN:17,registerInfo
FNF:4
FNH:4
FNDA:158,BaseAction
FNDA:1,getId
FNDA:1,do
FNDA:146,registerInfo
DA:1,1
DA:2,1
DA:3,1
DA:4,1
DA:5,1
DA:6,158
DA:7,158
DA:8,1
DA:9,1
DA:10,1
DA:11,1
DA:12,1
DA:13,1
DA:14,1
DA:15,1
DA:16,1
DA:17,1
DA:18,146
DA:19,146
DA:20,1
DA:21,1
DA:22,1
LF:22
LH:22
BRDA:1,0,0,1
BRDA:5,1,0,158
BRDA:9,2,0,1
BRDA:13,3,0,1
BRDA:17,4,0,146
BRF:5
BRH:5
end_of_record
TN:
SF:lib/actions/breed-animals.js
FN:6,getId
FN:10,do
FNF:2
FNH:2
FNDA:1,getId
FNDA:1,do
DA:1,1
DA:2,1
DA:3,1
DA:4,1
DA:5,1
DA:6,1
DA:7,1
DA:8,1
DA:9,1
DA:10,1
DA:11,1
DA:12,1
DA:13,1
DA:14,1
DA:15,1
DA:16,1
DA:17,1
DA:18,1
DA:19,1
LF:19
LH:19
BRDA:1,0,0,1
BRDA:6,1,0,1
BRDA:10,2,0,1
BRF:3
BRH:3
end_of_record
TN:
SF:lib/actions/build-pillar.js
FN:6,getId
FN:10,do
FNF:2
FNH:2
FNDA:2,getId
FNDA:2,do
DA:1,1
DA:2,1
DA:3,1
DA:4,1
DA:5,1
DA:6,1
DA:7,2
DA:8,2
DA:9,1
DA:10,1
DA:11,2
DA:12,2
DA:13,2
DA:14,2
DA:15,2
DA:16,2
DA:17,1
DA:18,1
DA:19,1
LF:19
LH:19
BRDA:1,0,0,1
BRDA:6,1,0,2
BRDA:10,2,0,2
BRDA:11,3,0,1
BRF:4
BRH:4
end_of_record
TN:
SF:lib/actions/chop-tree.js
FN:6,getId
FN:10,do
FNF:2
FNH:2
FNDA:1,getId
FNDA:1,do
DA:1,1
DA:2,1
DA:3,1
DA:4,1
DA:5,1
DA:6,1
DA:7,1
DA:8,1
DA:9,1
DA:10,1
DA:11,1
DA:12,1
DA:13,1
DA:14,1
DA:15,1
DA:16,1
DA:17,1
LF:17
LH:17
BRDA:1,0,0,1
BRDA:6,1,0,1
BRDA:10,2,0,1
BRF:3
BRH:3
end_of_record
TN:
SF:lib/actions/close-door.js
FN:6,getId
FN:10,do
FNF:2
FNH:2
FNDA:1,getId
FNDA:1,do
DA:1,1
DA:2,1
DA:3,1
DA:4,1
DA:5,1
DA:6,1
DA:7,1
DA:8,1
DA:9,1
DA:10,1
DA:11,1
DA:12,1
DA:13,1
DA:14,1
DA:15,1
DA:16,1
DA:17,1
LF:17
LH:17
BRDA:1,0,0,1
BRDA:6,1,0,1
BRDA:10,2,0,1
BRF:3
BRH:3
end_of_record
TN:
SF:lib/actions/coin-flip.js
FN:6,getId
FN:10,do
FNF:2
FNH:2
FNDA:2,getId
FNDA:2,do
DA:1,1
DA:2,1
DA:3,1
DA:4,1
DA:5,1
DA:6,1
DA:7,2
DA:8,2
DA:9,1
DA:10,1
DA:11,2
DA:12,2
DA:13,2
DA:14,2
DA:15,2
DA:16,2
DA:17,1
DA:18,1
DA:19,1
LF:19
LH:19
BRDA:1,0,0,1
BRDA:6,1,0,2
BRDA:10,2,0,2
BRDA:11,3,0,1
BRDA:11,4,0,1
BRF:5
BRH:5
end_of_record
TN:
SF:lib/actions/collect-drops.js
FN:6,getId
FN:10,do
FNF:2
FNH:2
FNDA:1,getId
FNDA:1,do
DA:1,1
DA:2,1
DA:3,1
DA:4,1
DA:5,1
DA:6,1
DA:7,1
DA:8,1
DA:9,1
DA:10,1
DA:11,1
DA:12,1
DA:13,1
DA:14,1
DA:15,1
DA:16,1
DA:17,1
LF:17
LH:17
BRDA:1,0,0,1
BRDA:6,1,0,1
BRDA:10,2,0,1
BRF:3
BRH:3
end_of_record
TN:
SF:lib/actions/compliment-player.js
FN:13,getId
FN:17,do
FNF:2
FNH:2
FNDA:1,getId
FNDA:1,do
DA:1,1
DA:2,1
DA:3,1
DA:4,1
DA:5,1
DA:6,1
DA:7,1
DA:8,1
DA:9,1
DA:10,1
DA:11,1
DA:12,1
DA:13,1
DA:14,1
DA:15,1
DA:16,1
DA:17,1
DA:18,1
DA:19,1
DA:20,1
DA:21,1
DA:22,1
DA:23,1
DA:24,1
DA:25,1
DA:26,1
DA:27,1
LF:27
LH:27
BRDA:1,0,0,1
BRDA:13,1,0,1
BRDA:17,2,0,1
BRF:3
BRH:3
end_of_record
TN:
SF:lib/actions/count-entities.js
FN:6,getId
FN:10,do
FNF:2
FNH:2
FNDA:2,getId
FNDA:2,do
DA:1,1
DA:2,1
DA:3,1
DA:4,1
DA:5,1
DA:6,1
DA:7,2
DA:8,2
DA:9,1
DA:10,1
DA:11,2
DA:12,2
DA:13,2
DA:14,2
DA:15,2
DA:16,2
DA:17,2
DA:18,4
DA:19,3
DA:20,2
DA:21,2
DA:22,2
DA:23,2
DA:24,2
DA:25,2
DA:26,2
DA:27,2
DA:28,1
DA:29,1
DA:30,1
LF:30
LH:30
BRDA:1,0,0,1
BRDA:6,1,0,2
BRDA:10,2,0,2
BRDA:17,3,0,4
BRDA:18,4,0,3
BRDA:18,5,0,1
BRDA:19,6,0,3
BRF:7
BRH:7
end_of_record
TN:
SF:lib/actions/count-item.js
FN:6,getId
FN:10,do
FNF:2
FNH:2
FNDA:1,getId
FNDA:1,do
DA:1,1
DA:2,1
DA:3,1
DA:4,1
DA:5,1
DA:6,1
DA:7,1
DA:8,1
DA:9,1
DA:10,1
DA:11,1
DA:12,1
DA:13,1
DA:14,1
DA:15,1
DA:16,1
DA:17,1
DA:18,1
DA:19,1
DA:20,1
DA:21,1
DA:22,1
DA:23,1
DA:24,1
DA:25,1
DA:26,1
DA:27,1
DA:28,1
LF:28
LH:28
BRDA:1,0,0,1
BRDA:6,1,0,1
BRDA:10,2,0,1
BRDA:18,3,0,1
BRDA:20,4,0,1
BRF:5
BRH:5
end_of_record
TN:
SF:lib/actions/countdown.js
FN:6,getId
FN:10,do
FNF:2
FNH:2
FNDA:2,getId
FNDA:2,do
DA:1,1
DA:2,1
DA:3,1
DA:4,1
DA:5,1
DA:6,1
DA:7,2
DA:8,2
DA:9,1
DA:10,1
DA:11,2
DA:12,2
DA:13,2
DA:14,2
DA:15,8
DA:16,8
DA:17,2
DA:18,2
DA:19,2
DA:20,1
DA:21,1
DA:22,1
LF:22
LH:22
BRDA:1,0,0,1
BRDA:6,1,0,2
BRDA:10,2,0,2
BRDA:11,3,0,1
BRDA:14,4,0,8
BRF:5
BRH:5
end_of_record
TN:
SF:lib/actions/craft-item.js
FN:6,getId
FN:10,do
FNF:2
FNH:2
FNDA:1,getId
FNDA:1,do
DA:1,1
DA:2,1
DA:3,1
DA:4,1
DA:5,1
DA:6,1
DA:7,1
DA:8,1
DA:9,1
DA:10,1
DA:11,1
DA:12,1
DA:13,1
DA:14,1
DA:15,1
DA:16,1
DA:17,1
DA:18,1
DA:19,1
LF:19
LH:19
BRDA:1,0,0,1
BRDA:6,1,0,1
BRDA:10,2,0,1
BRF:3
BRH:3
end_of_record
TN:
SF:lib/actions/dance.js
FN:6,getId
FN:10,do
FNF:2
FNH:2
FNDA:1,getId
FNDA:1,do
DA:1,1
DA:2,1
DA:3,1
DA:4,1
DA:5,1
DA:6,1
DA:7,1
DA:8,1
DA:9,1
DA:10,1
DA:11,1
DA:12,1
DA:13,1
DA:14,1
DA:15,1
DA:16,1
DA:17,1
LF:17
LH:17
BRDA:1,0,0,1
BRDA:6,1,0,1
BRDA:10,2,0,1
BRF:3
BRH:3
end_of_record
TN:
SF:lib/actions/defend-me.js
FN:6,getId
FN:10,do
FNF:2
FNH:2
FNDA:1,getId
FNDA:1,do
DA:1,1
DA:2,1
DA:3,1
DA:4,1
DA:5,1
DA:6,1
DA:7,1
DA:8,1
DA:9,1
DA:10,1
DA:11,1
DA:12,1
DA:13,1
DA:14,1
DA:15,1
DA:16,1
DA:17,1
LF:17
LH:17
BRDA:1,0,0,1
BRDA:6,1,0,1
BRDA:10,2,0,1
BRF:3
BRH:3
end_of_record
TN:
SF:lib/actions/deposit-to-chest.js
FN:6,getId
FN:10,do
FNF:2
FNH:2
FNDA:1,getId
FNDA:1,do
DA:1,1
DA:2,1
DA:3,1
DA:4,1
DA:5,1
DA:6,1
DA:7,1
DA:8,1
DA:9,1
DA:10,1
DA:11,1
DA:12,1
DA:13,1
DA:14,1
DA:15,1
DA:16,1
DA:17,1
LF:17
LH:17
BRDA:1,0,0,1
BRDA:6,1,0,1
BRDA:10,2,0,1
BRF:3
BRH:3
end_of_record
TN:
SF:lib/actions/dig-down.js
FN:6,getId
FN:10,do
FNF:2
FNH:2
FNDA:1,getId
FNDA:1,do
DA:1,1
DA:2,1
DA:3,1
DA:4,1
DA:5,1
DA:6,1
DA:7,1
DA:8,1
DA:9,1
DA:10,1
DA:11,1
DA:12,1
DA:13,1
DA:14,1
DA:15,1
DA:16,1
DA:17,1
LF:17
LH:17
BRDA:1,0,0,1
BRDA:6,1,0,1
BRDA:10,2,0,1
BRF:3
BRH:3
end_of_record
TN:
SF:lib/actions/dismount.js
FN:6,getId
FN:10,do
FNF:2
FNH:2
FNDA:1,getId
FNDA:1,do
DA:1,1
DA:2,1
DA:3,1
DA:4,1
DA:5,1
DA:6,1
DA:7,1
DA:8,1
DA:9,1
DA:10,1
DA:11,1
DA:12,1
DA:13,1
DA:14,1
DA:15,1
DA:16,1
DA:17,1
LF:17
LH:17
BRDA:1,0,0,1
BRDA:6,1,0,1
BRDA:10,2,0,1
BRF:3
BRH:3
end_of_record
TN:
SF:lib/actions/drop-item.js
FN:6,getId
FN:10,do
FNF:2
FNH:2
FNDA:1,getId
FNDA:1,do
DA:1,1
DA:2,1
DA:3,1
DA:4,1
DA:5,1
DA:6,1
DA:7,1
DA:8,1
DA:9,1
DA:10,1
DA:11,1
DA:12,1
DA:13,1
DA:14,1
DA:15,1
DA:16,1
DA:17,1
DA:18,1
DA:19,1
LF:19
LH:19
BRDA:1,0,0,1
BRDA:6,1,0,1
BRDA:10,2,0,1
BRF:3
BRH:3
end_of_record
TN:
SF:lib/actions/eat-specific-food.js
FN:6,getId
FN:10,do
FNF:2
FNH:2
FNDA:1,getId
FNDA:1,do
DA:1,1
DA:2,1
DA:3,1
DA:4,1
DA:5,1
DA:6,1
DA:7,1
DA:8,1
DA:9,1
DA:10,1
DA:11,1
DA:12,1
DA:13,1
DA:14,1
DA:15,1
DA:16,1
DA:17,1
DA:18,1
DA:19,1
LF:19
LH:19
BRDA:1,0,0,1
BRDA:6,1,0,1
BRDA:10,2,0,1
BRF:3
BRH:3
end_of_record
TN:
SF:lib/actions/eat.js
FN:6,getId
FN:10,do
FNF:2
FNH:2
FNDA:1,getId
FNDA:1,do
DA:1,1
DA:2,1
DA:3,1
DA:4,1
DA:5,1
DA:6,1
DA:7,1
DA:8,1
DA:9,1
DA:10,1
DA:11,1
DA:12,1
DA:13,1
DA:14,1
DA:15,1
DA:16,1
DA:17,1
LF:17
LH:17
BRDA:1,0,0,1
BRDA:6,1,0,1
BRDA:10,2,0,1
BRF:3
BRH:3
end_of_record
TN:
SF:lib/actions/empty-chest.js
FN:6,getId
FN:10,do
FNF:2
FNH:2
FNDA:1,getId
FNDA:1,do
DA:1,1
DA:2,1
DA:3,1
DA:4,1
DA:5,1
DA:6,1
DA:7,1
DA:8,1
DA:9,1
DA:10,1
DA:11,1
DA:12,1
DA:13,1
DA:14,1
DA:15,1
DA:16,1
DA:17,1
LF:17
LH:17
BRDA:1,0,0,1
BRDA:6,1,0,1
BRDA:10,2,0,1
BRF:3
BRH:3
end_of_record
TN:
SF:lib/actions/empty-inventory.js
FN:6,getId
FN:10,do
FNF:2
FNH:2
FNDA:1,getId
FNDA:1,do
DA:1,1
DA:2,1
DA:3,1
DA:4,1
DA:5,1
DA:6,1
DA:7,1
DA:8,1
DA:9,1
DA:10,1
DA:11,1
DA:12,1
DA:13,1
DA:14,1
DA:15,1
DA:16,1
DA:17,1
LF:17
LH:17
BRDA:1,0,0,1
BRDA:6,1,0,1
BRDA:10,2,0,1
BRF:3
BRH:3
end_of_record
TN:
SF:lib/actions/equip-armor.js
FN:6,getId
FN:10,do
FNF:2
FNH:2
FNDA:1,getId
FNDA:1,do
DA:1,1
DA:2,1
DA:3,1
DA:4,1
DA:5,1
DA:6,1
DA:7,1
DA:8,1
DA:9,1
DA:10,1
DA:11,1
DA:12,1
DA:13,1
DA:14,1
DA:15,1
DA:16,1
DA:17,1
LF:17
LH:17
BRDA:1,0,0,1
BRDA:6,1,0,1
BRDA:10,2,0,1
BRF:3
BRH:3
end_of_record
TN:
SF:lib/actions/equip-item.js
FN:6,getId
FN:10,do
FNF:2
FNH:2
FNDA:1,getId
FNDA:1,do
DA:1,1
DA:2,1
DA:3,1
DA:4,1
DA:5,1
DA:6,1
DA:7,1
DA:8,1
DA:9,1
DA:10,1
DA:11,1
DA:12,1
DA:13,1
DA:14,1
DA:15,1
DA:16,1
DA:17,1
DA:18,1
DA:19,1
LF:19
LH:19
BRDA:1,0,0,1
BRDA:6,1,0,1
BRDA:10,2,0,1
BRF:3
BRH:3
end_of_record
TN:
SF:lib/actions/equip-shield.js
FN:6,getId
FN:10,do
FNF:2
FNH:2
FNDA:1,getId
FNDA:1,do
DA:1,1
DA:2,1
DA:3,1
DA:4,1
DA:5,1
DA:6,1
DA:7,1
DA:8,1
DA:9,1
DA:10,1
DA:11,1
DA:12,1
DA:13,1
DA:14,1
DA:15,1
DA:16,1
DA:17,1
LF:17
LH:17
BRDA:1,0,0,1
BRDA:6,1,0,1
BRDA:10,2,0,1
BRF:3
BRH:3
end_of_record
TN:
SF:lib/actions/equip-weapon.js
FN:6,getId
FN:10,do
FNF:2
FNH:2
FNDA:1,getId
FNDA:1,do
DA:1,1
DA:2,1
DA:3,1
DA:4,1
DA:5,1
DA:6,1
DA:7,1
DA:8,1
DA:9,1
DA:10,1
DA:11,1
DA:12,1
DA:13,1
DA:14,1
DA:15,1
DA:16,1
DA:17,1
LF:17
LH:17
BRDA:1,0,0,1
BRDA:6,1,0,1
BRDA:10,2,0,1
BRF:3
BRH:3
end_of_record
TN:
SF:lib/actions/face-direction.js
FN:6,getId
FN:10,do
FNF:2
FNH:2
FNDA:1,getId
FNDA:1,do
DA:1,1
DA:2,1
DA:3,1
DA:4,1
DA:5,1
DA:6,1
DA:7,1
DA:8,1
DA:9,1
DA:10,1
DA:11,1
DA:12,1
DA:13,1
DA:14,1
DA:15,1
DA:16,1
DA:17,1
DA:18,1
DA:19,1
LF:19
LH:19
BRDA:1,0,0,1
BRDA:6,1,0,1
BRDA:10,2,0,1
BRF:3
BRH:3
end_of_record
TN:
SF:lib/actions/farewell.js
FN:6,getId
FN:10,do
FNF:2
FNH:2
FNDA:1,getId
FNDA:1,do
DA:1,1
DA:2,1
DA:3,1
DA:4,1
DA:5,1
DA:6,1
DA:7,1
DA:8,1
DA:9,1
DA:10,1
DA:11,1
DA:12,1
DA:13,1
DA:14,1
DA:15,1
DA:16,1
DA:17,1
DA:18,1
DA:19,1
LF:19
LH:19
BRDA:1,0,0,1
BRDA:6,1,0,1
BRDA:10,2,0,1
BRF:3
BRH:3
end_of_record
TN:
SF:lib/actions/feed-animal.js
FN:6,getId
FN:10,do
FNF:2
FNH:2
FNDA:1,getId
FNDA:1,do
DA:1,1
DA:2,1
DA:3,1
DA:4,1
DA:5,1
DA:6,1
DA:7,1
DA:8,1
DA:9,1
DA:10,1
DA:11,1
DA:12,1
DA:13,1
DA:14,1
DA:15,1
DA:16,1
DA:17,1
DA:18,1
DA:19,1
LF:19
LH:19
BRDA:1,0,0,1
BRDA:6,1,0,1
BRDA:10,2,0,1
BRF:3
BRH:3
end_of_record
TN:
SF:lib/actions/find-item.js
FN:6,getId
FN:10,do
FNF:2
FNH:2
FNDA:3,getId
FNDA:3,do
DA:1,1
DA:2,1
DA:3,1
DA:4,1
DA:5,1
DA:6,1
DA:7,3
DA:8,3
DA:9,1
DA:10,1
DA:11,3
DA:12,3
DA:13,3
DA:14,3
DA:15,3
DA:16,3
DA:17,3
DA:18,3
DA:19,3
DA:20,3
DA:21,3
DA:22,3
DA:23,3
DA:24,3
DA:25,3
DA:26,3
DA:27,3
DA:28,3
DA:29,1
DA:30,1
DA:31,1
LF:31
LH:31
BRDA:1,0,0,1
BRDA:6,1,0,3
BRDA:10,2,0,3
BRDA:24,3,0,2
BRDA:25,4,0,1
BRDA:18,5,0,2
BRDA:18,6,0,1
BRDA:20,7,0,2
BRF:8
BRH:8
end_of_record
TN:
SF:lib/actions/find-nearest-entity.js
FN:6,getId
FN:10,do
FNF:2
FNH:2
FNDA:2,getId
FNDA:2,do
DA:1,1
DA:2,1
DA:3,1
DA:4,1
DA:5,1
DA:6,1
DA:7,2
DA:8,2
DA:9,1
DA:10,1
DA:11,2
DA:12,2
DA:13,2
DA:14,2
DA:15,2
DA:16,2
DA:17,2
DA:18,2
DA:19,2
DA:20,2
DA:21,2
DA:22,2
DA:23,2
DA:24,2
DA:25,1
DA:26,1
DA:27,1
LF:27
LH:27
BRDA:1,0,0,1
BRDA:6,1,0,2
BRDA:10,2,0,2
BRDA:20,3,0,1
BRDA:21,4,0,1
BRF:5
BRH:5
end_of_record
TN:
SF:lib/actions/fish.js
FN:6,getId
FN:10,do
FNF:2
FNH:2
FNDA:1,getId
FNDA:1,do
DA:1,1
DA:2,1
DA:3,1
DA:4,1
DA:5,1
DA:6,1
DA:7,1
DA:8,1
DA:9,1
DA:10,1
DA:11,1
DA:12,1
DA:13,1
DA:14,1
DA:15,1
DA:16,1
DA:17,1
LF:17
LH:17
BRDA:1,0,0,1
BRDA:6,1,0,1
BRDA:10,2,0,1
BRF:3
BRH:3
end_of_record
TN:
SF:lib/actions/flee.js
FN:6,getId
FN:10,do
FNF:2
FNH:2
FNDA:1,getId
FNDA:1,do
DA:1,1
DA:2,1
DA:3,1
DA:4,1
DA:5,1
DA:6,1
DA:7,1
DA:8,1
DA:9,1
DA:10,1
DA:11,1
DA:12,1
DA:13,1
DA:14,1
DA:15,1
DA:16,1
DA:17,1
LF:17
LH:17
BRDA:1,0,0,1
BRDA:6,1,0,1
BRDA:10,2,0,1
BRF:3
BRH:3
end_of_record
TN:
SF:lib/actions/flip-lever.js
FN:6,getId
FN:10,do
FNF:2
FNH:2
FNDA:1,getId
FNDA:1,do
DA:1,1
DA:2,1
DA:3,1
DA:4,1
DA:5,1
DA:6,1
DA:7,1
DA:8,1
DA:9,1
DA:10,1
DA:11,1
DA:12,1
DA:13,1
DA:14,1
DA:15,1
DA:16,1
DA:17,1
LF:17
LH:17
BRDA:1,0,0,1
BRDA:6,1,0,1
BRDA:10,2,0,1
BRF:3
BRH:3
end_of_record
TN:
SF:lib/actions/follow-player.js
FN:6,getId
FN:10,do
FNF:2
FNH:2
FNDA:1,getId
FNDA:1,do
DA:1,1
DA:2,1
DA:3,1
DA:4,1
DA:5,1
DA:6,1
DA:7,1
DA:8,1
DA:9,1
DA:10,1
DA:11,1
DA:12,1
DA:13,1
DA:14,1
DA:15,1
DA:16,1
DA:17,1
LF:17
LH:17
BRDA:1,0,0,1
BRDA:6,1,0,1
BRDA:10,2,0,1
BRF:3
BRH:3
end_of_record
TN:
SF:lib/actions/forward-to-chatgpt.js
FN:6,getId
FN:10,do
FNF:2
FNH:2
FNDA:1,getId
FNDA:1,do
DA:1,1
DA:2,1
DA:3,1
DA:4,1
DA:5,1
DA:6,1
DA:7,1
DA:8,1
DA:9,1
DA:10,1
DA:11,1
DA:12,1
DA:13,1
DA:14,1
DA:15,1
DA:16,1
DA:17,1
DA:18,1
DA:19,1
DA:20,1
LF:20
LH:20
BRDA:1,0,0,1
BRDA:6,1,0,1
BRDA:10,2,0,1
BRF:3
BRH:3
end_of_record
TN:
SF:lib/actions/give-item-to-player.js
FN:6,getId
FN:10,do
FNF:2
FNH:2
FNDA:1,getId
FNDA:1,do
DA:1,1
DA:2,1
DA:3,1
DA:4,1
DA:5,1
DA:6,1
DA:7,1
DA:8,1
DA:9,1
DA:10,1
DA:11,1
DA:12,1
DA:13,1
DA:14,1
DA:15,1
DA:16,1
DA:17,1
DA:18,1
DA:19,1
LF:19
LH:19
BRDA:1,0,0,1
BRDA:6,1,0,1
BRDA:10,2,0,1
BRF:3
BRH:3
end_of_record
TN:
SF:lib/actions/go-home.js
FN:6,getId
FN:10,do
FNF:2
FNH:2
FNDA:2,getId
FNDA:2,do
DA:1,1
DA:2,1
DA:3,1
DA:4,1
DA:5,1
DA:6,1
DA:7,2
DA:8,2
DA:9,1
DA:10,1
DA:11,2
DA:12,2
DA:13,2
DA:14,2
DA:15,2
DA:16,2
DA:17,1
DA:18,1
DA:19,1
LF:19
LH:19
BRDA:1,0,0,1
BRDA:6,1,0,2
BRDA:10,2,0,2
BRDA:11,3,0,1
BRF:4
BRH:4
end_of_record
TN:
SF:lib/actions/go-to-player.js
FN:6,getId
FN:10,do
FNF:2
FNH:2
FNDA:2,getId
FNDA:2,do
DA:1,1
DA:2,1
DA:3,1
DA:4,1
DA:5,1
DA:6,1
DA:7,2
DA:8,2
DA:9,1
DA:10,1
DA:11,2
DA:12,2
DA:13,2
DA:14,2
DA:15,2
DA:16,2
DA:17,2
DA:18,1
DA:19,1
DA:20,1
DA:21,1
DA:22,1
DA:23,1
DA:24,1
DA:25,1
DA:26,2
DA:27,2
DA:28,1
DA:29,1
DA:30,1
LF:30
LH:30
BRDA:1,0,0,1
BRDA:6,1,0,2
BRDA:10,2,0,2
BRDA:13,3,0,1
BRDA:17,4,0,1
BRF:5
BRH:5
end_of_record
TN:
SF:lib/actions/greet.js
FN:6,getId
FN:10,do
FNF:2
FNH:2
FNDA:1,getId
FNDA:1,do
DA:1,1
DA:2,1
DA:3,1
DA:4,1
DA:5,1
DA:6,1
DA:7,1
DA:8,1
DA:9,1
DA:10,1
DA:11,1
DA:12,1
DA:13,1
DA:14,1
DA:15,1
DA:16,1
DA:17,1
DA:18,1
DA:19,1
LF:19
LH:19
BRDA:1,0,0,1
BRDA:6,1,0,1
BRDA:10,2,0,1
BRF:3
BRH:3
end_of_record
TN:
SF:lib/actions/guard-current-location.js
FN:6,getId
FN:10,do
FNF:2
FNH:2
FNDA:1,getId
FNDA:1,do
DA:1,1
DA:2,1
DA:3,1
DA:4,1
DA:5,1
DA:6,1
DA:7,1
DA:8,1
DA:9,1
DA:10,1
DA:11,1
DA:12,1
DA:13,1
DA:14,1
DA:15,1
DA:16,1
DA:17,1
DA:18,1
DA:19,1
DA:20,1
DA:21,1
DA:22,1
LF:22
LH:22
BRDA:1,0,0,1
BRDA:6,1,0,1
BRDA:10,2,0,1
BRF:3
BRH:3
end_of_record
TN:
SF:lib/actions/harvest-crops.js
FN:6,getId
FN:10,do
FNF:2
FNH:2
FNDA:1,getId
FNDA:1,do
DA:1,1
DA:2,1
DA:3,1
DA:4,1
DA:5,1
DA:6,1
DA:7,1
DA:8,1
DA:9,1
DA:10,1
DA:11,1
DA:12,1
DA:13,1
DA:14,1
DA:15,1
DA:16,1
DA:17,1
LF:17
LH:17
BRDA:1,0,0,1
BRDA:6,1,0,1
BRDA:10,2,0,1
BRF:3
BRH:3
end_of_record
TN:
SF:lib/actions/hunt-food.js
FN:6,getId
FN:10,do
FNF:2
FNH:2
FNDA:1,getId
FNDA:1,do
DA:1,1
DA:2,1
DA:3,1
DA:4,1
DA:5,1
DA:6,1
DA:7,1
DA:8,1
DA:9,1
DA:10,1
DA:11,1
DA:12,1
DA:13,1
DA:14,1
DA:15,1
DA:16,1
DA:17,1
LF:17
LH:17
BRDA:1,0,0,1
BRDA:6,1,0,1
BRDA:10,2,0,1
BRF:3
BRH:3
end_of_record
TN:
SF:lib/actions/jump.js
FN:6,getId
FN:10,do
FNF:2
FNH:2
FNDA:1,getId
FNDA:1,do
DA:1,1
DA:2,1
DA:3,1
DA:4,1
DA:5,1
DA:6,1
DA:7,1
DA:8,1
DA:9,1
DA:10,1
DA:11,1
DA:12,1
DA:13,1
DA:14,1
DA:15,1
DA:16,1
DA:17,1
LF:17
LH:17
BRDA:1,0,0,1
BRDA:6,1,0,1
BRDA:10,2,0,1
BRF:3
BRH:3
end_of_record
TN:
SF:lib/actions/list-inventory.js
FN:6,getId
FN:10,do
FNF:2
FNH:2
FNDA:2,getId
FNDA:2,do
DA:1,1
DA:2,1
DA:3,1
DA:4,1
DA:5,1
DA:6,1
DA:7,2
DA:8,2
DA:9,1
DA:10,1
DA:11,2
DA:12,2
DA:13,2
DA:14,2
DA:15,2
DA:16,2
DA:17,2
DA:18,2
DA:19,2
DA:20,2
DA:21,1
DA:22,1
DA:23,1
LF:23
LH:23
BRDA:1,0,0,1
BRDA:6,1,0,2
BRDA:10,2,0,2
BRDA:16,3,0,1
BRDA:17,4,0,1
BRDA:16,5,0,1
BRF:6
BRH:6
end_of_record
TN:
SF:lib/actions/list-players.js
FN:6,getId
FN:10,do
FNF:2
FNH:2
FNDA:2,getId
FNDA:2,do
DA:1,1
DA:2,1
DA:3,1
DA:4,1
DA:5,1
DA:6,1
DA:7,2
DA:8,2
DA:9,1
DA:10,1
DA:11,2
DA:12,2
DA:13,2
DA:14,2
DA:15,2
DA:16,2
DA:17,2
DA:18,2
DA:19,2
DA:20,2
DA:21,2
DA:22,2
DA:23,1
DA:24,1
DA:25,1
LF:25
LH:25
BRDA:1,0,0,1
BRDA:6,1,0,2
BRDA:10,2,0,2
BRDA:18,3,0,1
BRDA:19,4,0,1
BRDA:13,5,0,3
BRF:6
BRH:6
end_of_record
TN:
SF:lib/actions/look-at-player.js
FN:6,getId
FN:10,do
FNF:2
FNH:2
FNDA:2,getId
FNDA:2,do
DA:1,1
DA:2,1
DA:3,1
DA:4,1
DA:5,1
DA:6,1
DA:7,2
DA:8,2
DA:9,1
DA:10,1
DA:11,2
DA:12,2
DA:13,2
DA:14,2
DA:15,2
DA:16,2
DA:17,2
DA:18,1
DA:19,1
DA:20,1
DA:21,1
DA:22,1
DA:23,1
DA:24,1
DA:25,1
DA:26,2
DA:27,2
DA:28,1
DA:29,1
DA:30,1
LF:30
LH:30
BRDA:1,0,0,1
BRDA:6,1,0,2
BRDA:10,2,0,2
BRDA:13,3,0,1
BRDA:17,4,0,1
BRF:5
BRH:5
end_of_record
TN:
SF:lib/actions/milk-cow.js
FN:6,getId
FN:10,do
FNF:2
FNH:2
FNDA:1,getId
FNDA:1,do
DA:1,1
DA:2,1
DA:3,1
DA:4,1
DA:5,1
DA:6,1
DA:7,1
DA:8,1
DA:9,1
DA:10,1
DA:11,1
DA:12,1
DA:13,1
DA:14,1
DA:15,1
DA:16,1
DA:17,1
LF:17
LH:17
BRDA:1,0,0,1
BRDA:6,1,0,1
BRDA:10,2,0,1
BRF:3
BRH:3
end_of_record
TN:
SF:lib/actions/mine-block.js
FN:6,getId
FN:10,do
FNF:2
FNH:2
FNDA:1,getId
FNDA:1,do
DA:1,1
DA:2,1
DA:3,1
DA:4,1
DA:5,1
DA:6,1
DA:7,1
DA:8,1
DA:9,1
DA:10,1
DA:11,1
DA:12,1
DA:13,1
DA:14,1
DA:15,1
DA:16,1
DA:17,1
DA:18,1
DA:19,1
LF:19
LH:19
BRDA:1,0,0,1
BRDA:6,1,0,1
BRDA:10,2,0,1
BRF:3
BRH:3
end_of_record
TN:
SF:lib/actions/mine-target-block.js
FN:6,getId
FN:10,do
FNF:2
FNH:2
FNDA:1,getId
FNDA:1,do
DA:1,1
DA:2,1
DA:3,1
DA:4,1
DA:5,1
DA:6,1
DA:7,1
DA:8,1
DA:9,1
DA:10,1
DA:11,1
DA:12,1
DA:13,1
DA:14,1
DA:15,1
DA:16,1
DA:17,1
LF:17
LH:17
BRDA:1,0,0,1
BRDA:6,1,0,1
BRDA:10,2,0,1
BRF:3
BRH:3
end_of_record
TN:
SF:lib/actions/mount-entity.js
FN:6,getId
FN:10,do
FNF:2
FNH:2
FNDA:1,getId
FNDA:1,do
DA:1,1
DA:2,1
DA:3,1
DA:4,1
DA:5,1
DA:6,1
DA:7,1
DA:8,1
DA:9,1
DA:10,1
DA:11,1
DA:12,1
DA:13,1
DA:14,1
DA:15,1
DA:16,1
DA:17,1
DA:18,1
DA:19,1
LF:19
LH:19
BRDA:1,0,0,1
BRDA:6,1,0,1
BRDA:10,2,0,1
BRF:3
BRH:3
end_of_record
TN:
SF:lib/actions/move-blocks-distance-to-direction.js
FN:6,getId
FN:10,do
FNF:2
FNH:2
FNDA:1,getId
FNDA:1,do
DA:1,1
DA:2,1
DA:3,1
DA:4,1
DA:5,1
DA:6,1
DA:7,1
DA:8,1
DA:9,1
DA:10,1
DA:11,1
DA:12,1
DA:13,1
DA:14,1
DA:15,1
DA:16,1
DA:17,1
DA:18,1
DA:19,1
DA:20,1
DA:21,1
DA:22,1
DA:23,1
DA:24,1
DA:25,1
LF:25
LH:25
BRDA:1,0,0,1
BRDA:6,1,0,1
BRDA:10,2,0,1
BRF:3
BRH:3
end_of_record
TN:
SF:lib/actions/move-to-coordinates.js
FN:6,getId
FN:10,do
FNF:2
FNH:2
FNDA:1,getId
FNDA:1,do
DA:1,1
DA:2,1
DA:3,1
DA:4,1
DA:5,1
DA:6,1
DA:7,1
DA:8,1
DA:9,1
DA:10,1
DA:11,1
DA:12,1
DA:13,1
DA:14,1
DA:15,1
DA:16,1
DA:17,1
DA:18,1
DA:19,1
DA:20,1
DA:21,1
LF:21
LH:21
BRDA:1,0,0,1
BRDA:6,1,0,1
BRDA:10,2,0,1
BRF:3
BRH:3
end_of_record
TN:
SF:lib/actions/move-to-init-location.js
FN:6,getId
FN:10,do
FNF:2
FNH:2
FNDA:1,getId
FNDA:1,do
DA:1,1
DA:2,1
DA:3,1
DA:4,1
DA:5,1
DA:6,1
DA:7,1
DA:8,1
DA:9,1
DA:10,1
DA:11,1
DA:12,1
DA:13,1
DA:14,1
DA:15,1
DA:16,1
DA:17,1
DA:18,1
DA:19,1
DA:20,1
DA:21,1
LF:21
LH:21
BRDA:1,0,0,1
BRDA:6,1,0,1
BRDA:10,2,0,1
BRF:3
BRH:3
end_of_record
TN:
SF:lib/actions/move-to-object.js
FN:6,getId
FN:10,do
FNF:2
FNH:2
FNDA:1,getId
FNDA:1,do
DA:1,1
DA:2,1
DA:3,1
DA:4,1
DA:5,1
DA:6,1
DA:7,1
DA:8,1
DA:9,1
DA:10,1
DA:11,1
DA:12,1
DA:13,1
DA:14,1
DA:15,1
DA:16,1
DA:17,1
DA:18,1
DA:19,1
LF:19
LH:19
BRDA:1,0,0,1
BRDA:6,1,0,1
BRDA:10,2,0,1
BRF:3
BRH:3
end_of_record
TN:
SF:lib/actions/move-to-player-location.js
FN:6,getId
FN:10,do
FNF:2
FNH:2
FNDA:1,getId
FNDA:1,do
DA:1,1
DA:2,1
DA:3,1
DA:4,1
DA:5,1
DA:6,1
DA:7,1
DA:8,1
DA:9,1
DA:10,1
DA:11,1
DA:12,1
DA:13,1
DA:14,1
DA:15,1
DA:16,1
DA:17,1
DA:18,1
DA:19,1
DA:20,1
DA:21,1
DA:22,1
DA:23,1
LF:23
LH:23
BRDA:1,0,0,1
BRDA:6,1,0,1
BRDA:10,2,0,1
BRF:3
BRH:3
end_of_record
TN:
SF:lib/actions/nod.js
FN:6,getId
FN:10,do
FNF:2
FNH:2
FNDA:1,getId
FNDA:1,do
DA:1,1
DA:2,1
DA:3,1
DA:4,1
DA:5,1
DA:6,1
DA:7,1
DA:8,1
DA:9,1
DA:10,1
DA:11,1
DA:12,1
DA:13,1
DA:14,1
DA:15,1
DA:16,1
DA:17,1
LF:17
LH:17
BRDA:1,0,0,1
BRDA:6,1,0,1
BRDA:10,2,0,1
BRF:3
BRH:3
end_of_record
TN:
SF:lib/actions/open-door.js
FN:6,getId
FN:10,do
FNF:2
FNH:2
FNDA:1,getId
FNDA:1,do
DA:1,1
DA:2,1
DA:3,1
DA:4,1
DA:5,1
DA:6,1
DA:7,1
DA:8,1
DA:9,1
DA:10,1
DA:11,1
DA:12,1
DA:13,1
DA:14,1
DA:15,1
DA:16,1
DA:17,1
LF:17
LH:17
BRDA:1,0,0,1
BRDA:6,1,0,1
BRDA:10,2,0,1
BRF:3
BRH:3
end_of_record
TN:
SF:lib/actions/place-block.js
FN:6,getId
FN:10,do
FNF:2
FNH:2
FNDA:1,getId
FNDA:1,do
DA:1,1
DA:2,1
DA:3,1
DA:4,1
DA:5,1
DA:6,1
DA:7,1
DA:8,1
DA:9,1
DA:10,1
DA:11,1
DA:12,1
DA:13,1
DA:14,1
DA:15,1
DA:16,1
DA:17,1
DA:18,1
DA:19,1
LF:19
LH:19
BRDA:1,0,0,1
BRDA:6,1,0,1
BRDA:10,2,0,1
BRF:3
BRH:3
end_of_record
TN:
SF:lib/actions/place-crafting-table.js
FN:6,getId
FN:10,do
FNF:2
FNH:2
FNDA:1,getId
FNDA:1,do
DA:1,1
DA:2,1
DA:3,1
DA:4,1
DA:5,1
DA:6,1
DA:7,1
DA:8,1
DA:9,1
DA:10,1
DA:11,1
DA:12,1
DA:13,1
DA:14,1
DA:15,1
DA:16,1
DA:17,1
LF:17
LH:17
BRDA:1,0,0,1
BRDA:6,1,0,1
BRDA:10,2,0,1
BRF:3
BRH:3
end_of_record
TN:
SF:lib/actions/place-torch.js
FN:6,getId
FN:10,do
FNF:2
FNH:2
FNDA:1,getId
FNDA:1,do
DA:1,1
DA:2,1
DA:3,1
DA:4,1
DA:5,1
DA:6,1
DA:7,1
DA:8,1
DA:9,1
DA:10,1
DA:11,1
DA:12,1
DA:13,1
DA:14,1
DA:15,1
DA:16,1
DA:17,1
LF:17
LH:17
BRDA:1,0,0,1
BRDA:6,1,0,1
BRDA:10,2,0,1
BRF:3
BRH:3
end_of_record
TN:
SF:lib/actions/plant-seeds.js
FN:6,getId
FN:10,do
FNF:2
FNH:2
FNDA:1,getId
FNDA:1,do
DA:1,1
DA:2,1
DA:3,1
DA:4,1
DA:5,1
DA:6,1
DA:7,1
DA:8,1
DA:9,1
DA:10,1
DA:11,1
DA:12,1
DA:13,1
DA:14,1
DA:15,1
DA:16,1
DA:17,1
LF:17
LH:17
BRDA:1,0,0,1
BRDA:6,1,0,1
BRDA:10,2,0,1
BRF:3
BRH:3
end_of_record
TN:
SF:lib/actions/press-button.js
FN:6,getId
FN:10,do
FNF:2
FNH:2
FNDA:1,getId
FNDA:1,do
DA:1,1
DA:2,1
DA:3,1
DA:4,1
DA:5,1
DA:6,1
DA:7,1
DA:8,1
DA:9,1
DA:10,1
DA:11,1
DA:12,1
DA:13,1
DA:14,1
DA:15,1
DA:16,1
DA:17,1
LF:17
LH:17
BRDA:1,0,0,1
BRDA:6,1,0,1
BRDA:10,2,0,1
BRF:3
BRH:3
end_of_record
TN:
SF:lib/actions/report-threats.js
FN:6,getId
FN:10,do
FNF:2
FNH:2
FNDA:2,getId
FNDA:2,do
DA:1,1
DA:2,1
DA:3,1
DA:4,1
DA:5,1
DA:6,1
DA:7,2
DA:8,2
DA:9,1
DA:10,1
DA:11,2
DA:12,2
DA:13,2
DA:14,3
DA:15,2
DA:16,3
DA:17,1
DA:18,2
DA:19,2
DA:20,2
DA:21,2
DA:22,2
DA:23,2
DA:24,2
DA:25,2
DA:26,2
DA:27,2
DA:28,1
DA:29,1
DA:30,1
LF:30
LH:30
BRDA:1,0,0,1
BRDA:6,1,0,2
BRDA:10,2,0,2
BRDA:23,3,0,1
BRDA:24,4,0,1
BRDA:13,5,0,3
BRDA:14,6,0,1
BRDA:15,7,0,2
BRDA:16,8,0,1
BRDA:16,9,0,1
BRDA:19,10,0,1
BRF:11
BRH:11
end_of_record
TN:
SF:lib/actions/respond-to-message.js
FN:615,getId
FN:619,do
FNF:2
FNH:2
FNDA:8,getId
FNDA:8,do
DA:1,1
DA:2,1
DA:3,1
DA:4,1
DA:5,1
DA:6,1
DA:7,1
DA:8,1
DA:9,1
DA:10,1
DA:11,1
DA:12,1
DA:13,1
DA:14,1
DA:15,1
DA:16,1
DA:17,1
DA:18,1
DA:19,1
DA:20,1
DA:21,1
DA:22,1
DA:23,1
DA:24,1
DA:25,1
DA:26,1
DA:27,1
DA:28,1
DA:29,1
DA:30,1
DA:31,1
DA:32,1
DA:33,1
DA:34,1
DA:35,1
DA:36,1
DA:37,1
DA:38,1
DA:39,1
DA:40,1
DA:41,1
DA:42,1
DA:43,1
DA:44,1
DA:45,1
DA:46,1
DA:47,1
DA:48,1
DA:49,1
DA:50,1
DA:51,1
DA:52,1
DA:53,1
DA:54,1
DA:55,1
DA:56,1
DA:57,1
DA:58,1
DA:59,1
DA:60,1
DA:61,1
DA:62,1
DA:63,1
DA:64,1
DA:65,1
DA:66,1
DA:67,1
DA:68,1
DA:69,1
DA:70,1
DA:71,1
DA:72,1
DA:73,1
DA:74,1
DA:75,1
DA:76,1
DA:77,1
DA:78,1
DA:79,1
DA:80,1
DA:81,1
DA:82,1
DA:83,1
DA:84,1
DA:85,1
DA:86,1
DA:87,1
DA:88,1
DA:89,1
DA:90,1
DA:91,1
DA:92,1
DA:93,1
DA:94,1
DA:95,1
DA:96,1
DA:97,1
DA:98,1
DA:99,1
DA:100,1
DA:101,1
DA:102,1
DA:103,1
DA:104,1
DA:105,1
DA:106,1
DA:107,1
DA:108,1
DA:109,1
DA:110,1
DA:111,1
DA:112,1
DA:113,1
DA:114,1
DA:115,1
DA:116,1
DA:117,1
DA:118,1
DA:119,1
DA:120,1
DA:121,1
DA:122,1
DA:123,1
DA:124,1
DA:125,1
DA:126,1
DA:127,1
DA:128,1
DA:129,1
DA:130,1
DA:131,1
DA:132,1
DA:133,1
DA:134,1
DA:135,1
DA:136,1
DA:137,1
DA:138,1
DA:139,1
DA:140,1
DA:141,1
DA:142,1
DA:143,1
DA:144,1
DA:145,1
DA:146,1
DA:147,1
DA:148,1
DA:149,1
DA:150,1
DA:151,1
DA:152,1
DA:153,1
DA:154,1
DA:155,1
DA:156,1
DA:157,1
DA:158,1
DA:159,1
DA:160,1
DA:161,1
DA:162,1
DA:163,1
DA:164,1
DA:165,1
DA:166,1
DA:167,1
DA:168,1
DA:169,1
DA:170,1
DA:171,1
DA:172,1
DA:173,1
DA:174,1
DA:175,1
DA:176,1
DA:177,1
DA:178,1
DA:179,1
DA:180,1
DA:181,1
DA:182,1
DA:183,1
DA:184,1
DA:185,1
DA:186,1
DA:187,1
DA:188,1
DA:189,1
DA:190,1
DA:191,1
DA:192,1
DA:193,1
DA:194,1
DA:195,1
DA:196,1
DA:197,1
DA:198,1
DA:199,1
DA:200,1
DA:201,1
DA:202,1
DA:203,1
DA:204,1
DA:205,1
DA:206,1
DA:207,1
DA:208,1
DA:209,1
DA:210,1
DA:211,1
DA:212,1
DA:213,1
DA:214,1
DA:215,1
DA:216,1
DA:217,1
DA:218,1
DA:219,1
DA:220,1
DA:221,1
DA:222,1
DA:223,1
DA:224,1
DA:225,1
DA:226,1
DA:227,1
DA:228,1
DA:229,1
DA:230,1
DA:231,1
DA:232,1
DA:233,1
DA:234,1
DA:235,1
DA:236,1
DA:237,1
DA:238,1
DA:239,1
DA:240,1
DA:241,1
DA:242,1
DA:243,1
DA:244,1
DA:245,1
DA:246,1
DA:247,1
DA:248,1
DA:249,1
DA:250,1
DA:251,1
DA:252,1
DA:253,1
DA:254,1
DA:255,1
DA:256,1
DA:257,1
DA:258,1
DA:259,1
DA:260,1
DA:261,1
DA:262,1
DA:263,1
DA:264,1
DA:265,1
DA:266,1
DA:267,1
DA:268,1
DA:269,1
DA:270,1
DA:271,1
DA:272,1
DA:273,1
DA:274,1
DA:275,1
DA:276,1
DA:277,1
DA:278,1
DA:279,1
DA:280,1
DA:281,1
DA:282,1
DA:283,1
DA:284,1
DA:285,1
DA:286,1
DA:287,1
DA:288,1
DA:289,1
DA:290,1
DA:291,1
DA:292,1
DA:293,1
DA:294,1
DA:295,1
DA:296,1
DA:297,1
DA:298,1
DA:299,1
DA:300,1
DA:301,1
DA:302,1
DA:303,1
DA:304,1
DA:305,1
DA:306,1
DA:307,1
DA:308,1
DA:309,1
DA:310,1
DA:311,1
DA:312,1
DA:313,1
DA:314,1
DA:315,1
DA:316,1
DA:317,1
DA:318,1
DA:319,1
DA:320,1
DA:321,1
DA:322,1
DA:323,1
DA:324,1
DA:325,1
DA:326,1
DA:327,1
DA:328,1
DA:329,1
DA:330,1
DA:331,1
DA:332,1
DA:333,1
DA:334,1
DA:335,1
DA:336,1
DA:337,1
DA:338,1
DA:339,1
DA:340,1
DA:341,1
DA:342,1
DA:343,1
DA:344,1
DA:345,1
DA:346,1
DA:347,1
DA:348,1
DA:349,1
DA:350,1
DA:351,1
DA:352,1
DA:353,1
DA:354,1
DA:355,1
DA:356,1
DA:357,1
DA:358,1
DA:359,1
DA:360,1
DA:361,1
DA:362,1
DA:363,1
DA:364,1
DA:365,1
DA:366,1
DA:367,1
DA:368,1
DA:369,1
DA:370,1
DA:371,1
DA:372,1
DA:373,1
DA:374,1
DA:375,1
DA:376,1
DA:377,1
DA:378,1
DA:379,1
DA:380,1
DA:381,1
DA:382,1
DA:383,1
DA:384,1
DA:385,1
DA:386,1
DA:387,1
DA:388,1
DA:389,1
DA:390,1
DA:391,1
DA:392,1
DA:393,1
DA:394,1
DA:395,1
DA:396,1
DA:397,1
DA:398,1
DA:399,1
DA:400,1
DA:401,1
DA:402,1
DA:403,1
DA:404,1
DA:405,1
DA:406,1
DA:407,1
DA:408,1
DA:409,1
DA:410,1
DA:411,1
DA:412,1
DA:413,1
DA:414,1
DA:415,1
DA:416,1
DA:417,1
DA:418,1
DA:419,1
DA:420,1
DA:421,1
DA:422,1
DA:423,1
DA:424,1
DA:425,1
DA:426,1
DA:427,1
DA:428,1
DA:429,1
DA:430,1
DA:431,1
DA:432,1
DA:433,1
DA:434,1
DA:435,1
DA:436,1
DA:437,1
DA:438,1
DA:439,1
DA:440,1
DA:441,1
DA:442,1
DA:443,1
DA:444,1
DA:445,1
DA:446,1
DA:447,1
DA:448,1
DA:449,1
DA:450,1
DA:451,1
DA:452,1
DA:453,1
DA:454,1
DA:455,1
DA:456,1
DA:457,1
DA:458,1
DA:459,1
DA:460,1
DA:461,1
DA:462,1
DA:463,1
DA:464,1
DA:465,1
DA:466,1
DA:467,1
DA:468,1
DA:469,1
DA:470,1
DA:471,1
DA:472,1
DA:473,1
DA:474,1
DA:475,1
DA:476,1
DA:477,1
DA:478,1
DA:479,1
DA:480,1
DA:481,1
DA:482,1
DA:483,1
DA:484,1
DA:485,1
DA:486,1
DA:487,1
DA:488,1
DA:489,1
DA:490,1
DA:491,1
DA:492,1
DA:493,1
DA:494,1
DA:495,1
DA:496,1
DA:497,1
DA:498,1
DA:499,1
DA:500,1
DA:501,1
DA:502,1
DA:503,1
DA:504,1
DA:505,1
DA:506,1
DA:507,1
DA:508,1
DA:509,1
DA:510,1
DA:511,1
DA:512,1
DA:513,1
DA:514,1
DA:515,1
DA:516,1
DA:517,1
DA:518,1
DA:519,1
DA:520,1
DA:521,1
DA:522,1
DA:523,1
DA:524,1
DA:525,1
DA:526,1
DA:527,1
DA:528,1
DA:529,1
DA:530,1
DA:531,1
DA:532,1
DA:533,1
DA:534,1
DA:535,1
DA:536,1
DA:537,1
DA:538,1
DA:539,1
DA:540,1
DA:541,1
DA:542,1
DA:543,1
DA:544,1
DA:545,1
DA:546,1
DA:547,1
DA:548,1
DA:549,1
DA:550,1
DA:551,1
DA:552,1
DA:553,1
DA:554,1
DA:555,1
DA:556,1
DA:557,1
DA:558,1
DA:559,1
DA:560,1
DA:561,1
DA:562,1
DA:563,1
DA:564,1
DA:565,1
DA:566,1
DA:567,1
DA:568,1
DA:569,1
DA:570,1
DA:571,1
DA:572,1
DA:573,1
DA:574,1
DA:575,1
DA:576,1
DA:577,1
DA:578,1
DA:579,1
DA:580,1
DA:581,1
DA:582,1
DA:583,1
DA:584,1
DA:585,1
DA:586,1
DA:587,1
DA:588,1
DA:589,1
DA:590,1
DA:591,1
DA:592,1
DA:593,1
DA:594,1
DA:595,1
DA:596,1
DA:597,1
DA:598,1
DA:599,1
DA:600,1
DA:601,1
DA:602,1
DA:603,1
DA:604,1
DA:605,1
DA:606,1
DA:607,1
DA:608,1
DA:609,1
DA:610,1
DA:611,1
DA:612,1
DA:613,1
DA:614,1
DA:615,1
DA:616,8
DA:617,8
DA:618,1
DA:619,1
DA:620,8
DA:621,8
DA:622,8
DA:623,8
DA:624,8
DA:625,8
DA:626,8
DA:627,8
DA:628,8
DA:629,8
DA:630,872
DA:631,1568
DA:632,1568
DA:633,1568
DA:634,1568
DA:635,1568
DA:636,6
DA:637,6
DA:638,6
DA:639,6
DA:640,6
DA:641,6
DA:642,1568
DA:643,872
DA:644,8
DA:645,8
DA:646,6
DA:647,6
DA:648,6
DA:649,6
DA:650,6
DA:651,6
DA:652,8
DA:653,2
DA:654,2
DA:655,2
DA:656,2
DA:657,2
DA:658,2
DA:659,2
DA:660,2
DA:661,2
DA:662,8
DA:663,8
DA:664,8
DA:665,1
DA:666,1
DA:667,1
LF:667
LH:667
BRDA:1,0,0,1
BRDA:615,1,0,8
BRDA:619,2,0,8
BRDA:629,3,0,872
BRDA:630,4,0,1568
BRDA:635,5,0,6
BRDA:645,6,0,6
BRDA:652,7,0,2
BRF:8
BRH:8
end_of_record
TN:
SF:lib/actions/ring-bell.js
FN:6,getId
FN:10,do
FNF:2
FNH:2
FNDA:1,getId
FNDA:1,do
DA:1,1
DA:2,1
DA:3,1
DA:4,1
DA:5,1
DA:6,1
DA:7,1
DA:8,1
DA:9,1
DA:10,1
DA:11,1
DA:12,1
DA:13,1
DA:14,1
DA:15,1
DA:16,1
DA:17,1
LF:17
LH:17
BRDA:1,0,0,1
BRDA:6,1,0,1
BRDA:10,2,0,1
BRF:3
BRH:3
end_of_record
TN:
SF:lib/actions/roll-dice.js
FN:6,getId
FN:10,do
FNF:2
FNH:2
FNDA:2,getId
FNDA:2,do
DA:1,1
DA:2,1
DA:3,1
DA:4,1
DA:5,1
DA:6,1
DA:7,2
DA:8,2
DA:9,1
DA:10,1
DA:11,2
DA:12,2
DA:13,2
DA:14,2
DA:15,2
DA:16,2
DA:17,2
DA:18,2
DA:19,2
DA:20,1
DA:21,1
DA:22,1
LF:22
LH:22
BRDA:1,0,0,1
BRDA:6,1,0,2
BRDA:10,2,0,2
BRDA:11,3,0,1
BRF:4
BRH:4
end_of_record
TN:
SF:lib/actions/say-action-count.js
FN:6,getId
FN:10,do
FNF:2
FNH:2
FNDA:2,getId
FNDA:2,do
DA:1,1
DA:2,1
DA:3,1
DA:4,1
DA:5,1
DA:6,1
DA:7,2
DA:8,2
DA:9,1
DA:10,1
DA:11,2
DA:12,2
DA:13,2
DA:14,2
DA:15,2
DA:16,2
DA:17,2
DA:18,2
DA:19,2
DA:20,1
DA:21,1
DA:22,1
LF:22
LH:22
BRDA:1,0,0,1
BRDA:6,1,0,2
BRDA:10,2,0,2
BRDA:12,3,0,1
BRDA:12,4,0,1
BRF:5
BRH:5
end_of_record
TN:
SF:lib/actions/say-armor.js
FN:6,getId
FN:10,do
FNF:2
FNH:2
FNDA:2,getId
FNDA:2,do
DA:1,1
DA:2,1
DA:3,1
DA:4,1
DA:5,1
DA:6,1
DA:7,2
DA:8,2
DA:9,1
DA:10,1
DA:11,2
DA:12,2
DA:13,2
DA:14,2
DA:15,2
DA:16,2
DA:17,2
DA:18,2
DA:19,2
DA:20,2
DA:21,2
DA:22,2
DA:23,2
DA:24,1
DA:25,1
DA:26,1
LF:26
LH:26
BRDA:1,0,0,1
BRDA:6,1,0,2
BRDA:10,2,0,2
BRDA:19,3,0,1
BRDA:20,4,0,1
BRDA:13,5,0,8
BRDA:14,6,0,8
BRDA:15,7,0,1
BRF:8
BRH:8
end_of_record
TN:
SF:lib/actions/say-biome.js
FN:6,getId
FN:10,do
FNF:2
FNH:2
FNDA:2,getId
FNDA:2,do
DA:1,1
DA:2,1
DA:3,1
DA:4,1
DA:5,1
DA:6,1
DA:7,2
DA:8,2
DA:9,1
DA:10,1
DA:11,2
DA:12,2
DA:13,2
DA:14,2
DA:15,2
DA:16,2
DA:17,2
DA:18,2
DA:19,2
DA:20,1
DA:21,1
DA:22,1
LF:22
LH:22
BRDA:1,0,0,1
BRDA:6,1,0,2
BRDA:10,2,0,2
BRDA:14,3,0,1
BRDA:14,4,0,1
BRDA:14,5,0,1
BRDA:14,6,0,1
BRF:7
BRH:7
end_of_record
TN:
SF:lib/actions/say-chest-contents.js
FN:6,getId
FN:10,do
FNF:2
FNH:2
FNDA:1,getId
FNDA:1,do
DA:1,1
DA:2,1
DA:3,1
DA:4,1
DA:5,1
DA:6,1
DA:7,1
DA:8,1
DA:9,1
DA:10,1
DA:11,1
DA:12,1
DA:13,1
DA:14,1
DA:15,1
DA:16,1
DA:17,1
LF:17
LH:17
BRDA:1,0,0,1
BRDA:6,1,0,1
BRDA:10,2,0,1
BRF:3
BRH:3
end_of_record
TN:
SF:lib/actions/say-current-location.js
FN:6,getId
FN:10,do
FNF:2
FNH:2
FNDA:1,getId
FNDA:1,do
DA:1,1
DA:2,1
DA:3,1
DA:4,1
DA:5,1
DA:6,1
DA:7,1
DA:8,1
DA:9,1
DA:10,1
DA:11,1
DA:12,1
DA:13,1
DA:14,1
DA:15,1
DA:16,1
DA:17,1
DA:18,1
DA:19,1
DA:20,1
DA:21,1
DA:22,1
DA:23,1
LF:23
LH:23
BRDA:1,0,0,1
BRDA:6,1,0,1
BRDA:10,2,0,1
BRF:3
BRH:3
end_of_record
TN:
SF:lib/actions/say-dimension.js
FN:6,getId
FN:10,do
FNF:2
FNH:2
FNDA:1,getId
FNDA:1,do
DA:1,1
DA:2,1
DA:3,1
DA:4,1
DA:5,1
DA:6,1
DA:7,1
DA:8,1
DA:9,1
DA:10,1
DA:11,1
DA:12,1
DA:13,1
DA:14,1
DA:15,1
DA:16,1
DA:17,1
DA:18,1
DA:19,1
DA:20,1
DA:21,1
LF:21
LH:21
BRDA:1,0,0,1
BRDA:6,1,0,1
BRDA:10,2,0,1
BRF:3
BRH:3
end_of_record
TN:
SF:lib/actions/say-distance-to-player.js
FN:6,getId
FN:10,do
FNF:2
FNH:2
FNDA:2,getId
FNDA:2,do
DA:1,1
DA:2,1
DA:3,1
DA:4,1
DA:5,1
DA:6,1
DA:7,2
DA:8,2
DA:9,1
DA:10,1
DA:11,2
DA:12,2
DA:13,2
DA:14,2
DA:15,2
DA:16,2
DA:17,2
DA:18,2
DA:19,2
DA:20,2
DA:21,2
DA:22,1
DA:23,1
DA:24,1
LF:24
LH:24
BRDA:1,0,0,1
BRDA:6,1,0,2
BRDA:10,2,0,2
BRDA:13,3,0,1
BRDA:17,4,0,1
BRDA:18,5,0,1
BRF:6
BRH:6
end_of_record
TN:
SF:lib/actions/say-elevation.js
FN:6,getId
FN:10,do
FNF:2
FNH:2
FNDA:1,getId
FNDA:1,do
DA:1,1
DA:2,1
DA:3,1
DA:4,1
DA:5,1
DA:6,1
DA:7,1
DA:8,1
DA:9,1
DA:10,1
DA:11,1
DA:12,1
DA:13,1
DA:14,1
DA:15,1
DA:16,1
DA:17,1
DA:18,1
DA:19,1
DA:20,1
DA:21,1
LF:21
LH:21
BRDA:1,0,0,1
BRDA:6,1,0,1
BRDA:10,2,0,1
BRF:3
BRH:3
end_of_record
TN:
SF:lib/actions/say-experience.js
FN:6,getId
FN:10,do
FNF:2
FNH:2
FNDA:1,getId
FNDA:1,do
DA:1,1
DA:2,1
DA:3,1
DA:4,1
DA:5,1
DA:6,1
DA:7,1
DA:8,1
DA:9,1
DA:10,1
DA:11,1
DA:12,1
DA:13,1
DA:14,1
DA:15,1
DA:16,1
DA:17,1
DA:18,1
DA:19,1
DA:20,1
DA:21,1
LF:21
LH:21
BRDA:1,0,0,1
BRDA:6,1,0,1
BRDA:10,2,0,1
BRF:3
BRH:3
end_of_record
TN:
SF:lib/actions/say-food-level.js
FN:6,getId
FN:10,do
FNF:2
FNH:2
FNDA:1,getId
FNDA:1,do
DA:1,1
DA:2,1
DA:3,1
DA:4,1
DA:5,1
DA:6,1
DA:7,1
DA:8,1
DA:9,1
DA:10,1
DA:11,1
DA:12,1
DA:13,1
DA:14,1
DA:15,1
DA:16,1
DA:17,1
DA:18,1
DA:19,1
DA:20,1
DA:21,1
LF:21
LH:21
BRDA:1,0,0,1
BRDA:6,1,0,1
BRDA:10,2,0,1
BRF:3
BRH:3
end_of_record
TN:
SF:lib/actions/say-health.js
FN:6,getId
FN:10,do
FNF:2
FNH:2
FNDA:1,getId
FNDA:1,do
DA:1,1
DA:2,1
DA:3,1
DA:4,1
DA:5,1
DA:6,1
DA:7,1
DA:8,1
DA:9,1
DA:10,1
DA:11,1
DA:12,1
DA:13,1
DA:14,1
DA:15,1
DA:16,1
DA:17,1
DA:18,1
DA:19,1
DA:20,1
DA:21,1
LF:21
LH:21
BRDA:1,0,0,1
BRDA:6,1,0,1
BRDA:10,2,0,1
BRF:3
BRH:3
end_of_record
TN:
SF:lib/actions/say-held-item.js
FN:6,getId
FN:10,do
FNF:2
FNH:2
FNDA:2,getId
FNDA:2,do
DA:1,1
DA:2,1
DA:3,1
DA:4,1
DA:5,1
DA:6,1
DA:7,2
DA:8,2
DA:9,1
DA:10,1
DA:11,2
DA:12,2
DA:13,2
DA:14,2
DA:15,2
DA:16,2
DA:17,2
DA:18,2
DA:19,2
DA:20,1
DA:21,1
DA:22,1
LF:22
LH:22
BRDA:1,0,0,1
BRDA:6,1,0,2
BRDA:10,2,0,2
BRDA:15,3,0,1
BRDA:16,4,0,1
BRF:5
BRH:5
end_of_record
TN:
SF:lib/actions/say-init-message.js
FN:7,getId
FN:11,do
FNF:2
FNH:2
FNDA:1,getId
FNDA:1,do
DA:1,1
DA:2,1
DA:3,1
DA:4,1
DA:5,1
DA:6,1
DA:7,1
DA:8,1
DA:9,1
DA:10,1
DA:11,1
DA:12,1
DA:13,1
DA:14,1
DA:15,1
DA:16,1
DA:17,1
DA:18,1
DA:19,1
DA:20,1
DA:21,1
LF:21
LH:21
BRDA:1,0,0,1
BRDA:7,1,0,1
BRDA:11,2,0,1
BRF:3
BRH:3
end_of_record
TN:
SF:lib/actions/say-latest-action.js
FN:6,getId
FN:10,do
FNF:2
FNH:2
FNDA:2,getId
FNDA:2,do
DA:1,1
DA:2,1
DA:3,1
DA:4,1
DA:5,1
DA:6,1
DA:7,2
DA:8,2
DA:9,1
DA:10,1
DA:11,2
DA:12,2
DA:13,2
DA:14,2
DA:15,2
DA:16,2
DA:17,2
DA:18,2
DA:19,2
DA:20,1
DA:21,1
DA:22,1
LF:22
LH:22
BRDA:1,0,0,1
BRDA:6,1,0,2
BRDA:10,2,0,2
BRDA:15,3,0,1
BRDA:16,4,0,1
BRF:5
BRH:5
end_of_record
TN:
SF:lib/actions/say-light-level.js
FN:6,getId
FN:10,do
FNF:2
FNH:2
FNDA:2,getId
FNDA:2,do
DA:1,1
DA:2,1
DA:3,1
DA:4,1
DA:5,1
DA:6,1
DA:7,2
DA:8,2
DA:9,1
DA:10,1
DA:11,2
DA:12,2
DA:13,2
DA:14,2
DA:15,2
DA:16,2
DA:17,2
DA:18,2
DA:19,2
DA:20,2
DA:21,1
DA:22,1
DA:23,1
LF:23
LH:23
BRDA:1,0,0,1
BRDA:6,1,0,2
BRDA:10,2,0,2
BRDA:13,3,0,1
BRDA:13,4,0,1
BRDA:13,5,0,1
BRF:6
BRH:6
end_of_record
TN:
SF:lib/actions/say-nearest-player.js
FN:6,getId
FN:10,do
FNF:2
FNH:2
FNDA:2,getId
FNDA:2,do
DA:1,1
DA:2,1
DA:3,1
DA:4,1
DA:5,1
DA:6,1
DA:7,2
DA:8,2
DA:9,1
DA:10,1
DA:11,2
DA:12,2
DA:13,2
DA:14,2
DA:15,2
DA:16,2
DA:17,2
DA:18,2
DA:19,2
DA:20,2
DA:21,2
DA:22,2
DA:23,2
DA:24,1
DA:25,1
DA:26,1
LF:26
LH:26
BRDA:1,0,0,1
BRDA:6,1,0,2
BRDA:10,2,0,2
BRDA:19,3,0,1
BRDA:20,4,0,1
BRF:5
BRH:5
end_of_record
TN:
SF:lib/actions/say-time.js
FN:6,getId
FN:10,do
FNF:2
FNH:2
FNDA:2,getId
FNDA:2,do
DA:1,1
DA:2,1
DA:3,1
DA:4,1
DA:5,1
DA:6,1
DA:7,2
DA:8,2
DA:9,1
DA:10,1
DA:11,2
DA:12,2
DA:13,2
DA:14,2
DA:15,2
DA:16,2
DA:17,2
DA:18,2
DA:19,2
DA:20,2
DA:21,1
DA:22,1
DA:23,1
LF:23
LH:23
BRDA:1,0,0,1
BRDA:6,1,0,2
BRDA:10,2,0,2
BRDA:13,3,0,1
BRDA:13,4,0,1
BRDA:13,5,0,1
BRF:6
BRH:6
end_of_record
TN:
SF:lib/actions/say-uptime.js
FN:6,getId
FN:10,do
FNF:2
FNH:2
FNDA:1,getId
FNDA:1,do
DA:1,1
DA:2,1
DA:3,1
DA:4,1
DA:5,1
DA:6,1
DA:7,1
DA:8,1
DA:9,1
DA:10,1
DA:11,1
DA:12,1
DA:13,1
DA:14,1
DA:15,1
DA:16,1
DA:17,1
DA:18,1
DA:19,1
DA:20,1
DA:21,1
LF:21
LH:21
BRDA:1,0,0,1
BRDA:6,1,0,1
BRDA:10,2,0,1
BRF:3
BRH:3
end_of_record
TN:
SF:lib/actions/say-version.js
FN:6,getId
FN:10,do
FNF:2
FNH:2
FNDA:1,getId
FNDA:1,do
DA:1,1
DA:2,1
DA:3,1
DA:4,1
DA:5,1
DA:6,1
DA:7,1
DA:8,1
DA:9,1
DA:10,1
DA:11,1
DA:12,1
DA:13,1
DA:14,1
DA:15,1
DA:16,1
DA:17,1
DA:18,1
DA:19,1
DA:20,1
DA:21,1
LF:21
LH:21
BRDA:1,0,0,1
BRDA:6,1,0,1
BRDA:10,2,0,1
BRF:3
BRH:3
end_of_record
TN:
SF:lib/actions/say-weather.js
FN:6,getId
FN:10,do
FNF:2
FNH:2
FNDA:3,getId
FNDA:3,do
DA:1,1
DA:2,1
DA:3,1
DA:4,1
DA:5,1
DA:6,1
DA:7,3
DA:8,3
DA:9,1
DA:10,1
DA:11,3
DA:12,3
DA:13,3
DA:14,1
DA:15,3
DA:16,1
DA:17,1
DA:18,3
DA:19,3
DA:20,3
DA:21,3
DA:22,3
DA:23,1
DA:24,1
DA:25,1
LF:25
LH:25
BRDA:1,0,0,1
BRDA:6,1,0,3
BRDA:10,2,0,3
BRDA:13,3,0,1
BRDA:15,4,0,2
BRDA:15,5,0,1
BRF:6
BRH:6
end_of_record
TN:
SF:lib/actions/shake-head.js
FN:6,getId
FN:10,do
FNF:2
FNH:2
FNDA:1,getId
FNDA:1,do
DA:1,1
DA:2,1
DA:3,1
DA:4,1
DA:5,1
DA:6,1
DA:7,1
DA:8,1
DA:9,1
DA:10,1
DA:11,1
DA:12,1
DA:13,1
DA:14,1
DA:15,1
DA:16,1
DA:17,1
LF:17
LH:17
BRDA:1,0,0,1
BRDA:6,1,0,1
BRDA:10,2,0,1
BRF:3
BRH:3
end_of_record
TN:
SF:lib/actions/shear-sheep.js
FN:6,getId
FN:10,do
FNF:2
FNH:2
FNDA:1,getId
FNDA:1,do
DA:1,1
DA:2,1
DA:3,1
DA:4,1
DA:5,1
DA:6,1
DA:7,1
DA:8,1
DA:9,1
DA:10,1
DA:11,1
DA:12,1
DA:13,1
DA:14,1
DA:15,1
DA:16,1
DA:17,1
LF:17
LH:17
BRDA:1,0,0,1
BRDA:6,1,0,1
BRDA:10,2,0,1
BRF:3
BRH:3
end_of_record
TN:
SF:lib/actions/sing-song.js
FN:12,getId
FN:16,do
FNF:2
FNH:2
FNDA:1,getId
FNDA:1,do
DA:1,1
DA:2,1
DA:3,1
DA:4,1
DA:5,1
DA:6,1
DA:7,1
DA:8,1
DA:9,1
DA:10,1
DA:11,1
DA:12,1
DA:13,1
DA:14,1
DA:15,1
DA:16,1
DA:17,1
DA:18,1
DA:19,1
DA:20,3
DA:21,3
DA:22,1
DA:23,1
DA:24,1
DA:25,1
DA:26,1
LF:26
LH:26
BRDA:1,0,0,1
BRDA:12,1,0,1
BRDA:16,2,0,1
BRDA:19,3,0,3
BRF:4
BRH:4
end_of_record
TN:
SF:lib/actions/sleep.js
FN:6,getId
FN:10,do
FNF:2
FNH:2
FNDA:1,getId
FNDA:1,do
DA:1,1
DA:2,1
DA:3,1
DA:4,1
DA:5,1
DA:6,1
DA:7,1
DA:8,1
DA:9,1
DA:10,1
DA:11,1
DA:12,1
DA:13,1
DA:14,1
DA:15,1
DA:16,1
DA:17,1
LF:17
LH:17
BRDA:1,0,0,1
BRDA:6,1,0,1
BRDA:10,2,0,1
BRF:3
BRH:3
end_of_record
TN:
SF:lib/actions/smelt-item.js
FN:6,getId
FN:10,do
FNF:2
FNH:2
FNDA:1,getId
FNDA:1,do
DA:1,1
DA:2,1
DA:3,1
DA:4,1
DA:5,1
DA:6,1
DA:7,1
DA:8,1
DA:9,1
DA:10,1
DA:11,1
DA:12,1
DA:13,1
DA:14,1
DA:15,1
DA:16,1
DA:17,1
DA:18,1
DA:19,1
LF:19
LH:19
BRDA:1,0,0,1
BRDA:6,1,0,1
BRDA:10,2,0,1
BRF:3
BRH:3
end_of_record
TN:
SF:lib/actions/sneak.js
FN:6,getId
FN:10,do
FNF:2
FNH:2
FNDA:1,getId
FNDA:1,do
DA:1,1
DA:2,1
DA:3,1
DA:4,1
DA:5,1
DA:6,1
DA:7,1
DA:8,1
DA:9,1
DA:10,1
DA:11,1
DA:12,1
DA:13,1
DA:14,1
DA:15,1
DA:16,1
DA:17,1
LF:17
LH:17
BRDA:1,0,0,1
BRDA:6,1,0,1
BRDA:10,2,0,1
BRF:3
BRH:3
end_of_record
TN:
SF:lib/actions/sprint.js
FN:6,getId
FN:10,do
FNF:2
FNH:2
FNDA:1,getId
FNDA:1,do
DA:1,1
DA:2,1
DA:3,1
DA:4,1
DA:5,1
DA:6,1
DA:7,1
DA:8,1
DA:9,1
DA:10,1
DA:11,1
DA:12,1
DA:13,1
DA:14,1
DA:15,1
DA:16,1
DA:17,1
LF:17
LH:17
BRDA:1,0,0,1
BRDA:6,1,0,1
BRDA:10,2,0,1
BRF:3
BRH:3
end_of_record
TN:
SF:lib/actions/stand-down.js
FN:6,getId
FN:10,do
FNF:2
FNH:2
FNDA:1,getId
FNDA:1,do
DA:1,1
DA:2,1
DA:3,1
DA:4,1
DA:5,1
DA:6,1
DA:7,1
DA:8,1
DA:9,1
DA:10,1
DA:11,1
DA:12,1
DA:13,1
DA:14,1
DA:15,1
DA:16,1
DA:17,1
LF:17
LH:17
BRDA:1,0,0,1
BRDA:6,1,0,1
BRDA:10,2,0,1
BRF:3
BRH:3
end_of_record
TN:
SF:lib/actions/stand-up.js
FN:6,getId
FN:10,do
FNF:2
FNH:2
FNDA:1,getId
FNDA:1,do
DA:1,1
DA:2,1
DA:3,1
DA:4,1
DA:5,1
DA:6,1
DA:7,1
DA:8,1
DA:9,1
DA:10,1
DA:11,1
DA:12,1
DA:13,1
DA:14,1
DA:15,1
DA:16,1
DA:17,1
LF:17
LH:17
BRDA:1,0,0,1
BRDA:6,1,0,1
BRDA:10,2,0,1
BRF:3
BRH:3
end_of_record
TN:
SF:lib/actions/stay-here.js
FN:6,getId
FN:10,do
FNF:2
FNH:2
FNDA:1,getId
FNDA:1,do
DA:1,1
DA:2,1
DA:3,1
DA:4,1
DA:5,1
DA:6,1
DA:7,1
DA:8,1
DA:9,1
DA:10,1
DA:11,1
DA:12,1
DA:13,1
DA:14,1
DA:15,1
DA:16,1
DA:17,1
LF:17
LH:17
BRDA:1,0,0,1
BRDA:6,1,0,1
BRDA:10,2,0,1
BRF:3
BRH:3
end_of_record
TN:
SF:lib/actions/stop-current-action.js
FN:6,getId
FN:10,do
FNF:2
FNH:2
FNDA:1,getId
FNDA:1,do
DA:1,1
DA:2,1
DA:3,1
DA:4,1
DA:5,1
DA:6,1
DA:7,1
DA:8,1
DA:9,1
DA:10,1
DA:11,1
DA:12,1
DA:13,1
DA:14,1
DA:15,1
DA:16,1
DA:17,1
LF:17
LH:17
BRDA:1,0,0,1
BRDA:6,1,0,1
BRDA:10,2,0,1
BRF:3
BRH:3
end_of_record
TN:
SF:lib/actions/stop-following.js
FN:6,getId
FN:10,do
FNF:2
FNH:2
FNDA:1,getId
FNDA:1,do
DA:1,1
DA:2,1
DA:3,1
DA:4,1
DA:5,1
DA:6,1
DA:7,1
DA:8,1
DA:9,1
DA:10,1
DA:11,1
DA:12,1
DA:13,1
DA:14,1
DA:15,1
DA:16,1
DA:17,1
LF:17
LH:17
BRDA:1,0,0,1
BRDA:6,1,0,1
BRDA:10,2,0,1
BRF:3
BRH:3
end_of_record
TN:
SF:lib/actions/tell-fact.js
FN:14,getId
FN:18,do
FNF:2
FNH:2
FNDA:1,getId
FNDA:1,do
DA:1,1
DA:2,1
DA:3,1
DA:4,1
DA:5,1
DA:6,1
DA:7,1
DA:8,1
DA:9,1
DA:10,1
DA:11,1
DA:12,1
DA:13,1
DA:14,1
DA:15,1
DA:16,1
DA:17,1
DA:18,1
DA:19,1
DA:20,1
DA:21,1
DA:22,1
DA:23,1
DA:24,1
DA:25,1
DA:26,1
DA:27,1
LF:27
LH:27
BRDA:1,0,0,1
BRDA:14,1,0,1
BRDA:18,2,0,1
BRF:3
BRH:3
end_of_record
TN:
SF:lib/actions/tell-joke.js
FN:14,getId
FN:18,do
FNF:2
FNH:2
FNDA:1,getId
FNDA:1,do
DA:1,1
DA:2,1
DA:3,1
DA:4,1
DA:5,1
DA:6,1
DA:7,1
DA:8,1
DA:9,1
DA:10,1
DA:11,1
DA:12,1
DA:13,1
DA:14,1
DA:15,1
DA:16,1
DA:17,1
DA:18,1
DA:19,1
DA:20,1
DA:21,1
DA:22,1
DA:23,1
DA:24,1
DA:25,1
DA:26,1
DA:27,1
LF:27
LH:27
BRDA:1,0,0,1
BRDA:14,1,0,1
BRDA:18,2,0,1
BRF:3
BRH:3
end_of_record
TN:
SF:lib/actions/thank-you-response.js
FN:6,getId
FN:10,do
FNF:2
FNH:2
FNDA:1,getId
FNDA:1,do
DA:1,1
DA:2,1
DA:3,1
DA:4,1
DA:5,1
DA:6,1
DA:7,1
DA:8,1
DA:9,1
DA:10,1
DA:11,1
DA:12,1
DA:13,1
DA:14,1
DA:15,1
DA:16,1
DA:17,1
DA:18,1
DA:19,1
LF:19
LH:19
BRDA:1,0,0,1
BRDA:6,1,0,1
BRDA:10,2,0,1
BRF:3
BRH:3
end_of_record
TN:
SF:lib/actions/throw-egg.js
FN:6,getId
FN:10,do
FNF:2
FNH:2
FNDA:1,getId
FNDA:1,do
DA:1,1
DA:2,1
DA:3,1
DA:4,1
DA:5,1
DA:6,1
DA:7,1
DA:8,1
DA:9,1
DA:10,1
DA:11,1
DA:12,1
DA:13,1
DA:14,1
DA:15,1
DA:16,1
DA:17,1
LF:17
LH:17
BRDA:1,0,0,1
BRDA:6,1,0,1
BRDA:10,2,0,1
BRF:3
BRH:3
end_of_record
TN:
SF:lib/actions/till-soil.js
FN:6,getId
FN:10,do
FNF:2
FNH:2
FNDA:1,getId
FNDA:1,do
DA:1,1
DA:2,1
DA:3,1
DA:4,1
DA:5,1
DA:6,1
DA:7,1
DA:8,1
DA:9,1
DA:10,1
DA:11,1
DA:12,1
DA:13,1
DA:14,1
DA:15,1
DA:16,1
DA:17,1
LF:17
LH:17
BRDA:1,0,0,1
BRDA:6,1,0,1
BRDA:10,2,0,1
BRF:3
BRH:3
end_of_record
TN:
SF:lib/actions/toss-held-item.js
FN:6,getId
FN:10,do
FNF:2
FNH:2
FNDA:1,getId
FNDA:1,do
DA:1,1
DA:2,1
DA:3,1
DA:4,1
DA:5,1
DA:6,1
DA:7,1
DA:8,1
DA:9,1
DA:10,1
DA:11,1
DA:12,1
DA:13,1
DA:14,1
DA:15,1
DA:16,1
DA:17,1
LF:17
LH:17
BRDA:1,0,0,1
BRDA:6,1,0,1
BRDA:10,2,0,1
BRF:3
BRH:3
end_of_record
TN:
SF:lib/actions/turn-around.js
FN:6,getId
FN:10,do
FNF:2
FNH:2
FNDA:1,getId
FNDA:1,do
DA:1,1
DA:2,1
DA:3,1
DA:4,1
DA:5,1
DA:6,1
DA:7,1
DA:8,1
DA:9,1
DA:10,1
DA:11,1
DA:12,1
DA:13,1
DA:14,1
DA:15,1
DA:16,1
DA:17,1
LF:17
LH:17
BRDA:1,0,0,1
BRDA:6,1,0,1
BRDA:10,2,0,1
BRF:3
BRH:3
end_of_record
TN:
SF:lib/actions/unequip-item.js
FN:6,getId
FN:10,do
FNF:2
FNH:2
FNDA:1,getId
FNDA:1,do
DA:1,1
DA:2,1
DA:3,1
DA:4,1
DA:5,1
DA:6,1
DA:7,1
DA:8,1
DA:9,1
DA:10,1
DA:11,1
DA:12,1
DA:13,1
DA:14,1
DA:15,1
DA:16,1
DA:17,1
LF:17
LH:17
BRDA:1,0,0,1
BRDA:6,1,0,1
BRDA:10,2,0,1
BRF:3
BRH:3
end_of_record
TN:
SF:lib/actions/wander-around.js
FN:6,getId
FN:10,do
FNF:2
FNH:2
FNDA:1,getId
FNDA:1,do
DA:1,1
DA:2,1
DA:3,1
DA:4,1
DA:5,1
DA:6,1
DA:7,1
DA:8,1
DA:9,1
DA:10,1
DA:11,1
DA:12,1
DA:13,1
DA:14,1
DA:15,1
DA:16,1
DA:17,1
LF:17
LH:17
BRDA:1,0,0,1
BRDA:6,1,0,1
BRDA:10,2,0,1
BRF:3
BRH:3
end_of_record
TN:
SF:lib/actions/wave.js
FN:6,getId
FN:10,do
FNF:2
FNH:2
FNDA:1,getId
FNDA:1,do
DA:1,1
DA:2,1
DA:3,1
DA:4,1
DA:5,1
DA:6,1
DA:7,1
DA:8,1
DA:9,1
DA:10,1
DA:11,1
DA:12,1
DA:13,1
DA:14,1
DA:15,1
DA:16,1
DA:17,1
LF:17
LH:17
BRDA:1,0,0,1
BRDA:6,1,0,1
BRDA:10,2,0,1
BRF:3
BRH:3
end_of_record
TN:
SF:lib/actions/whisper-secret.js
FN:13,getId
FN:17,do
FNF:2
FNH:2
FNDA:1,getId
FNDA:1,do
DA:1,1
DA:2,1
DA:3,1
DA:4,1
DA:5,1
DA:6,1
DA:7,1
DA:8,1
DA:9,1
DA:10,1
DA:11,1
DA:12,1
DA:13,1
DA:14,1
DA:15,1
DA:16,1
DA:17,1
DA:18,1
DA:19,1
DA:20,1
DA:21,1
DA:22,1
DA:23,1
DA:24,1
DA:25,1
DA:26,1
LF:26
LH:26
BRDA:1,0,0,1
BRDA:13,1,0,1
BRDA:17,2,0,1
BRF:3
BRH:3
end_of_record
TN:
SF:lib/actions/withdraw-item-from-chest.js
FN:6,getId
FN:10,do
FNF:2
FNH:2
FNDA:1,getId
FNDA:1,do
DA:1,1
DA:2,1
DA:3,1
DA:4,1
DA:5,1
DA:6,1
DA:7,1
DA:8,1
DA:9,1
DA:10,1
DA:11,1
DA:12,1
DA:13,1
DA:14,1
DA:15,1
DA:16,1
DA:17,1
DA:18,1
DA:19,1
LF:19
LH:19
BRDA:1,0,0,1
BRDA:6,1,0,1
BRDA:10,2,0,1
BRF:3
BRH:3
end_of_record
TN:
SF:lib/skills/activate-block.js
FN:6,getId
FN:10,do
FNF:2
FNH:2
FNDA:1,getId
FNDA:3,do
DA:1,1
DA:2,1
DA:3,1
DA:4,1
DA:5,1
DA:6,1
DA:7,1
DA:8,1
DA:9,1
DA:10,1
DA:11,3
DA:12,3
DA:13,3
DA:14,3
DA:15,3
DA:16,3
DA:17,1
DA:18,1
DA:19,1
DA:20,2
DA:21,2
DA:22,2
DA:23,3
DA:24,3
DA:25,3
DA:26,3
DA:27,1
DA:28,1
DA:29,1
DA:30,1
DA:31,1
DA:32,1
DA:33,1
DA:34,1
DA:35,1
DA:36,1
DA:37,1
DA:38,1
DA:39,1
DA:40,1
DA:41,1
DA:42,3
DA:43,1
DA:44,1
DA:45,1
LF:45
LH:45
BRDA:1,0,0,1
BRDA:6,1,0,1
BRDA:10,2,0,3
BRDA:16,3,0,1
BRDA:20,4,0,2
BRDA:26,5,0,1
BRDA:13,6,0,2
BRDA:14,7,0,2
BRF:8
BRH:8
end_of_record
TN:
SF:lib/skills/activate-item.js
FN:5,getId
FN:9,do
FNF:2
FNH:2
FNDA:1,getId
FNDA:2,do
DA:1,1
DA:2,1
DA:3,1
DA:4,1
DA:5,1
DA:6,1
DA:7,1
DA:8,1
DA:9,1
DA:10,2
DA:11,2
DA:12,2
DA:13,2
DA:14,2
DA:15,2
DA:16,1
DA:17,1
DA:18,1
DA:19,1
DA:20,1
DA:21,1
DA:22,2
DA:23,1
DA:24,1
DA:25,1
LF:25
LH:25
BRDA:1,0,0,1
BRDA:5,1,0,1
BRDA:9,2,0,2
BRDA:15,3,0,1
BRDA:13,4,0,1
BRF:5
BRH:5
end_of_record
TN:
SF:lib/skills/attack-nearest-entity.js
FN:5,getId
FN:9,do
FNF:2
FNH:2
FNDA:1,getId
FNDA:2,do
DA:1,1
DA:2,1
DA:3,1
DA:4,1
DA:5,1
DA:6,1
DA:7,1
DA:8,1
DA:9,1
DA:10,2
DA:11,2
DA:12,2
DA:13,2
DA:14,2
DA:15,2
DA:16,1
DA:17,1
DA:18,1
DA:19,1
DA:20,1
DA:21,2
DA:22,1
DA:23,1
DA:24,1
LF:24
LH:24
BRDA:1,0,0,1
BRDA:5,1,0,1
BRDA:9,2,0,2
BRDA:15,3,0,1
BRDA:12,4,0,1
BRF:5
BRH:5
end_of_record
TN:
SF:lib/skills/attack-player.js
FN:5,getId
FN:9,do
FNF:2
FNH:2
FNDA:1,getId
FNDA:2,do
DA:1,1
DA:2,1
DA:3,1
DA:4,1
DA:5,1
DA:6,1
DA:7,1
DA:8,1
DA:9,1
DA:10,2
DA:11,2
DA:12,2
DA:13,2
DA:14,1
DA:15,1
DA:16,1
DA:17,1
DA:18,1
DA:19,2
DA:20,1
DA:21,1
DA:22,1
LF:22
LH:22
BRDA:1,0,0,1
BRDA:5,1,0,1
BRDA:9,2,0,2
BRDA:11,3,0,1
BRDA:13,4,0,1
BRF:5
BRH:5
end_of_record
TN:
SF:lib/skills/base.js
FN:5,BaseSkill
FN:9,getId
FN:13,do
FNF:3
FNH:3
FNDA:259,BaseSkill
FNDA:1,getId
FNDA:1,do
DA:1,1
DA:2,1
DA:3,1
DA:4,1
DA:5,1
DA:6,259
DA:7,259
DA:8,1
DA:9,1
DA:10,1
DA:11,1
DA:12,1
DA:13,1
DA:14,1
DA:15,1
DA:16,1
DA:17,1
DA:18,1
LF:18
LH:18
BRDA:1,0,0,1
BRDA:5,1,0,259
BRDA:9,2,0,1
BRDA:13,3,0,1
BRF:4
BRH:4
end_of_record
TN:
SF:lib/skills/breed-animals.js
FN:17,getId
FN:21,do
FNF:2
FNH:2
FNDA:1,getId
FNDA:4,do
DA:1,1
DA:2,1
DA:3,1
DA:4,1
DA:5,1
DA:6,1
DA:7,1
DA:8,1
DA:9,1
DA:10,1
DA:11,1
DA:12,1
DA:13,1
DA:14,1
DA:15,1
DA:16,1
DA:17,1
DA:18,1
DA:19,1
DA:20,1
DA:21,1
DA:22,4
DA:23,4
DA:24,4
DA:25,4
DA:26,8
DA:27,7
DA:28,7
DA:29,7
DA:30,4
DA:31,4
DA:32,4
DA:33,4
DA:34,1
DA:35,1
DA:36,1
DA:37,3
DA:38,4
DA:39,4
DA:40,4
DA:41,4
DA:42,4
DA:43,4
DA:44,1
DA:45,1
DA:46,1
DA:47,2
DA:48,2
DA:49,2
DA:50,2
DA:51,4
DA:52,1
DA:53,1
DA:54,1
LF:54
LH:54
BRDA:1,0,0,1
BRDA:17,1,0,1
BRDA:21,2,0,4
BRDA:33,3,0,1
BRDA:37,4,0,3
BRDA:38,5,0,1
BRDA:43,6,0,1
BRDA:47,7,0,2
BRDA:25,8,0,8
BRDA:26,9,0,7
BRDA:26,10,0,1
BRDA:27,11,0,7
BRDA:41,12,0,2
BRF:13
BRH:13
end_of_record
TN:
SF:lib/skills/build-pillar.js
FN:7,getId
FN:11,do
FNF:2
FNH:2
FNDA:1,getId
FNDA:4,do
DA:1,1
DA:2,1
DA:3,1
DA:4,1
DA:5,1
DA:6,1
DA:7,1
DA:8,1
DA:9,1
DA:10,1
DA:11,1
DA:12,4
DA:13,4
DA:14,4
DA:15,4
DA:16,4
DA:17,4
DA:18,4
DA:19,4
DA:20,4
DA:21,4
DA:22,1
DA:23,1
DA:24,1
DA:25,3
DA:26,3
DA:27,3
DA:28,3
DA:29,3
DA:30,4
DA:31,4
DA:32,4
DA:33,4
DA:34,4
DA:35,4
DA:36,4
DA:37,4
DA:38,4
DA:39,4
DA:40,2
DA:41,2
DA:42,2
DA:43,4
DA:44,4
DA:45,4
DA:46,4
DA:47,3
DA:48,4
DA:49,1
DA:50,1
DA:51,4
DA:52,1
DA:53,1
DA:54,1
LF:54
LH:54
BRDA:1,0,0,1
BRDA:7,1,0,1
BRDA:11,2,0,4
BRDA:13,3,0,3
BRDA:13,4,0,1
BRDA:21,5,0,1
BRDA:25,6,0,3
BRDA:40,7,0,2
BRDA:47,8,0,3
BRDA:48,9,0,1
BRDA:17,10,0,4
BRF:11
BRH:11
end_of_record
TN:
SF:lib/skills/collect-block.js
FN:6,getId
FN:10,do
FNF:2
FNH:2
FNDA:1,getId
FNDA:4,do
DA:1,1
DA:2,1
DA:3,1
DA:4,1
DA:5,1
DA:6,1
DA:7,1
DA:8,1
DA:9,1
DA:10,1
DA:11,4
DA:12,4
DA:13,4
DA:14,4
DA:15,4
DA:16,4
DA:17,1
DA:18,1
DA:19,1
DA:20,3
DA:21,3
DA:22,3
DA:23,4
DA:24,4
DA:25,4
DA:26,4
DA:27,1
DA:28,1
DA:29,1
DA:30,2
DA:31,2
DA:32,2
DA:33,2
DA:34,2
DA:35,2
DA:36,2
DA:37,2
DA:38,2
DA:39,2
DA:40,2
DA:41,2
DA:42,4
DA:43,1
DA:44,1
DA:45,1
DA:46,1
DA:47,4
DA:48,1
DA:49,1
DA:50,1
LF:50
LH:50
BRDA:1,0,0,1
BRDA:6,1,0,1
BRDA:10,2,0,4
BRDA:16,3,0,1
BRDA:20,4,0,3
BRDA:26,5,0,1
BRDA:30,6,0,2
BRDA:42,7,0,1
BRDA:13,8,0,3
BRDA:14,9,0,3
BRF:10
BRH:10
end_of_record
TN:
SF:lib/skills/collect-items.js
FN:6,getId
FN:10,do
FNF:2
FNH:2
FNDA:1,getId
FNDA:2,do
DA:1,1
DA:2,1
DA:3,1
DA:4,1
DA:5,1
DA:6,1
DA:7,1
DA:8,1
DA:9,1
DA:10,1
DA:11,2
DA:12,2
DA:13,2
DA:14,2
DA:15,2
DA:16,1
DA:17,1
DA:18,1
DA:19,1
DA:20,1
DA:21,1
DA:22,1
DA:23,1
DA:24,1
DA:25,2
DA:26,1
DA:27,1
DA:28,1
LF:28
LH:28
BRDA:1,0,0,1
BRDA:6,1,0,1
BRDA:10,2,0,2
BRDA:15,3,0,1
BRDA:12,4,0,1
BRF:5
BRH:5
end_of_record
TN:
SF:lib/skills/craft-item.js
FN:5,getId
FN:9,do
FNF:2
FNH:2
FNDA:1,getId
FNDA:3,do
DA:1,1
DA:2,1
DA:3,1
DA:4,1
DA:5,1
DA:6,1
DA:7,1
DA:8,1
DA:9,1
DA:10,3
DA:11,3
DA:12,3
DA:13,3
DA:14,3
DA:15,3
DA:16,3
DA:17,1
DA:18,1
DA:19,1
DA:20,2
DA:21,2
DA:22,2
DA:23,3
DA:24,1
DA:25,1
DA:26,1
DA:27,3
DA:28,3
DA:29,3
DA:30,3
DA:31,3
DA:32,1
DA:33,1
DA:34,1
DA:35,1
DA:36,1
DA:37,1
DA:38,3
DA:39,1
DA:40,1
DA:41,1
LF:41
LH:41
BRDA:1,0,0,1
BRDA:5,1,0,1
BRDA:9,2,0,3
BRDA:13,3,0,2
BRDA:16,4,0,1
BRDA:20,5,0,2
BRDA:23,6,0,1
BRDA:27,7,0,1
BRDA:31,8,0,2
BRDA:31,9,0,1
BRF:10
BRH:10
end_of_record
TN:
SF:lib/skills/dance.js
FN:6,getId
FN:10,do
FNF:2
FNH:2
FNDA:1,getId
FNDA:2,do
DA:1,1
DA:2,1
DA:3,1
DA:4,1
DA:5,1
DA:6,1
DA:7,1
DA:8,1
DA:9,1
DA:10,1
DA:11,2
DA:12,2
DA:13,2
DA:14,2
DA:15,2
DA:16,8
DA:17,8
DA:18,8
DA:19,8
DA:20,8
DA:21,2
DA:22,1
DA:23,1
DA:24,1
LF:24
LH:24
BRDA:1,0,0,1
BRDA:6,1,0,1
BRDA:10,2,0,2
BRDA:12,3,0,1
BRDA:12,4,0,1
BRDA:15,5,0,8
BRF:6
BRH:6
end_of_record
TN:
SF:lib/skills/defend-player.js
FN:5,getId
FN:9,do
FNF:2
FNH:2
FNDA:1,getId
FNDA:4,do
DA:1,1
DA:2,1
DA:3,1
DA:4,1
DA:5,1
DA:6,1
DA:7,1
DA:8,1
DA:9,1
DA:10,4
DA:11,4
DA:12,4
DA:13,4
DA:14,4
DA:15,1
DA:16,1
DA:17,1
DA:18,3
DA:19,3
DA:20,3
DA:21,2
DA:22,3
DA:23,1
DA:24,3
DA:25,3
DA:26,4
DA:27,1
DA:28,4
DA:29,2
DA:30,2
DA:31,4
DA:32,1
DA:33,1
DA:34,1
LF:34
LH:34
BRDA:1,0,0,1
BRDA:5,1,0,1
BRDA:9,2,0,4
BRDA:12,3,0,3
BRDA:14,4,0,1
BRDA:18,5,0,3
BRDA:26,6,0,1
BRDA:28,7,0,2
BRDA:19,8,0,3
BRDA:20,9,0,1
BRDA:21,10,0,2
BRDA:22,11,0,1
BRDA:22,12,0,1
BRF:13
BRH:13
end_of_record
TN:
SF:lib/skills/deposit-to-chest.js
FN:7,getId
FN:11,do
FNF:2
FNH:2
FNDA:1,getId
FNDA:2,do
DA:1,1
DA:2,1
DA:3,1
DA:4,1
DA:5,1
DA:6,1
DA:7,1
DA:8,1
DA:9,1
DA:10,1
DA:11,1
DA:12,2
DA:13,2
DA:14,2
DA:15,2
DA:16,2
DA:17,2
DA:18,2
DA:19,2
DA:20,2
DA:21,2
DA:22,1
DA:23,1
DA:24,1
DA:25,1
DA:26,1
DA:27,1
DA:28,2
DA:29,2
DA:30,2
DA:31,1
DA:32,1
DA:33,1
DA:34,2
DA:35,1
DA:36,1
DA:37,1
LF:37
LH:37
BRDA:1,0,0,1
BRDA:7,1,0,1
BRDA:11,2,0,2
BRDA:21,3,0,1
BRDA:31,4,0,1
BRDA:13,5,0,6
BRDA:14,6,0,2
BRF:7
BRH:7
end_of_record
TN:
SF:lib/skills/dig-block.js
FN:5,getId
FN:9,do
FNF:2
FNH:2
FNDA:1,getId
FNDA:4,do
DA:1,1
DA:2,1
DA:3,1
DA:4,1
DA:5,1
DA:6,1
DA:7,1
DA:8,1
DA:9,1
DA:10,4
DA:11,4
DA:12,4
DA:13,4
DA:14,4
DA:15,4
DA:16,1
DA:17,1
DA:18,1
DA:19,3
DA:20,4
DA:21,1
DA:22,1
DA:23,1
DA:24,2
DA:25,2
DA:26,4
DA:27,1
DA:28,1
DA:29,1
LF:29
LH:29
BRDA:1,0,0,1
BRDA:5,1,0,1
BRDA:9,2,0,4
BRDA:12,3,0,1
BRDA:13,4,0,3
BRDA:15,5,0,1
BRDA:19,6,0,3
BRDA:20,7,0,1
BRDA:24,8,0,2
BRF:9
BRH:9
end_of_record
TN:
SF:lib/skills/dismount.js
FN:5,getId
FN:9,do
FNF:2
FNH:2
FNDA:1,getId
FNDA:2,do
DA:1,1
DA:2,1
DA:3,1
DA:4,1
DA:5,1
DA:6,1
DA:7,1
DA:8,1
DA:9,1
DA:10,2
DA:11,1
DA:12,1
DA:13,1
DA:14,1
DA:15,1
DA:16,2
DA:17,1
DA:18,1
DA:19,1
LF:19
LH:19
BRDA:1,0,0,1
BRDA:5,1,0,1
BRDA:9,2,0,2
BRDA:10,3,0,1
BRF:4
BRH:4
end_of_record
TN:
SF:lib/skills/drop-item.js
FN:5,getId
FN:9,do
FNF:2
FNH:2
FNDA:1,getId
FNDA:3,do
DA:1,1
DA:2,1
DA:3,1
DA:4,1
DA:5,1
DA:6,1
DA:7,1
DA:8,1
DA:9,1
DA:10,3
DA:11,3
DA:12,3
DA:13,3
DA:14,3
DA:15,3
DA:16,2
DA:17,3
DA:18,3
DA:19,3
DA:20,3
DA:21,1
DA:22,1
DA:23,1
DA:24,2
DA:25,2
DA:26,3
DA:27,1
DA:28,1
DA:29,1
LF:29
LH:29
BRDA:1,0,0,1
BRDA:5,1,0,1
BRDA:9,2,0,3
BRDA:20,3,0,1
BRDA:24,4,0,2
BRDA:15,5,0,2
BRDA:16,6,0,1
BRF:7
BRH:7
end_of_record
TN:
SF:lib/skills/eat-food.js
FN:5,getId
FN:9,do
FNF:2
FNH:2
FNDA:1,getId
FNDA:2,do
DA:1,1
DA:2,1
DA:3,1
DA:4,1
DA:5,1
DA:6,1
DA:7,1
DA:8,1
DA:9,1
DA:10,2
DA:11,2
DA:12,2
DA:13,2
DA:14,2
DA:15,2
DA:16,1
DA:17,1
DA:18,1
DA:19,1
DA:20,1
DA:21,1
DA:22,2
DA:23,1
DA:24,1
DA:25,1
LF:25
LH:25
BRDA:1,0,0,1
BRDA:5,1,0,1
BRDA:9,2,0,2
BRDA:15,3,0,1
BRDA:13,4,0,1
BRF:5
BRH:5
end_of_record
TN:
SF:lib/skills/eat.js
FN:5,getId
FN:9,do
FNF:2
FNH:2
FNDA:1,getId
FNDA:4,do
DA:1,1
DA:2,1
DA:3,1
DA:4,1
DA:5,1
DA:6,1
DA:7,1
DA:8,1
DA:9,1
DA:10,4
DA:11,4
DA:12,4
DA:13,4
DA:14,4
DA:15,1
DA:16,1
DA:17,1
DA:18,4
DA:19,4
DA:20,4
DA:21,2
DA:22,4
DA:23,1
DA:24,1
DA:25,1
LF:25
LH:25
BRDA:1,0,0,1
BRDA:5,1,0,1
BRDA:9,2,0,4
BRDA:21,3,0,2
BRDA:12,4,0,4
BRDA:14,5,0,1
BRF:6
BRH:6
end_of_record
TN:
SF:lib/skills/empty-inventory.js
FN:6,getId
FN:10,do
FNF:2
FNH:2
FNDA:1,getId
FNDA:2,do
DA:1,1
DA:2,1
DA:3,1
DA:4,1
DA:5,1
DA:6,1
DA:7,1
DA:8,1
DA:9,1
DA:10,1
DA:11,2
DA:12,2
DA:13,1
DA:14,1
DA:15,1
DA:16,1
DA:17,1
DA:18,2
DA:19,1
DA:20,1
DA:21,1
LF:21
LH:21
BRDA:1,0,0,1
BRDA:6,1,0,1
BRDA:10,2,0,2
BRDA:12,3,0,1
BRF:4
BRH:4
end_of_record
TN:
SF:lib/skills/equip-armor.js
FN:12,getId
FN:16,do
FNF:2
FNH:2
FNDA:1,getId
FNDA:2,do
DA:1,1
DA:2,1
DA:3,1
DA:4,1
DA:5,1
DA:6,1
DA:7,1
DA:8,1
DA:9,1
DA:10,1
DA:11,1
DA:12,1
DA:13,1
DA:14,1
DA:15,1
DA:16,1
DA:17,2
DA:18,2
DA:19,2
DA:20,8
DA:21,8
DA:22,8
DA:23,8
DA:24,8
DA:25,2
DA:26,2
DA:27,2
DA:28,8
DA:29,2
DA:30,2
DA:31,1
DA:32,1
DA:33,2
DA:34,1
DA:35,1
DA:36,1
LF:36
LH:36
BRDA:1,0,0,1
BRDA:12,1,0,1
BRDA:16,2,0,2
BRDA:19,3,0,8
BRDA:24,4,0,2
BRDA:30,5,0,1
BRDA:22,6,0,11
BRF:7
BRH:7
end_of_record
TN:
SF:lib/skills/equip-item.js
FN:5,getId
FN:9,do
FNF:2
FNH:2
FNDA:1,getId
FNDA:3,do
DA:1,1
DA:2,1
DA:3,1
DA:4,1
DA:5,1
DA:6,1
DA:7,1
DA:8,1
DA:9,1
DA:10,3
DA:11,3
DA:12,3
DA:13,3
DA:14,3
DA:15,3
DA:16,1
DA:17,1
DA:18,1
DA:19,2
DA:20,2
DA:21,3
DA:22,1
DA:23,1
DA:24,1
LF:24
LH:24
BRDA:1,0,0,1
BRDA:5,1,0,1
BRDA:9,2,0,3
BRDA:15,3,0,1
BRDA:19,4,0,2
BRDA:21,5,0,1
BRDA:13,6,0,2
BRF:7
BRH:7
end_of_record
TN:
SF:lib/skills/face-direction.js
FN:12,getId
FN:16,do
FNF:2
FNH:2
FNDA:1,getId
FNDA:2,do
DA:1,1
DA:2,1
DA:3,1
DA:4,1
DA:5,1
DA:6,1
DA:7,1
DA:8,1
DA:9,1
DA:10,1
DA:11,1
DA:12,1
DA:13,1
DA:14,1
DA:15,1
DA:16,1
DA:17,2
DA:18,2
DA:19,2
DA:20,2
DA:21,2
DA:22,2
DA:23,2
DA:24,1
DA:25,1
DA:26,1
LF:26
LH:26
BRDA:1,0,0,1
BRDA:12,1,0,1
BRDA:16,2,0,2
BRDA:19,3,0,1
BRDA:20,4,0,1
BRF:5
BRH:5
end_of_record
TN:
SF:lib/skills/feed-animal.js
FN:19,getId
FN:23,do
FNF:2
FNH:2
FNDA:1,getId
FNDA:4,do
DA:1,1
DA:2,1
DA:3,1
DA:4,1
DA:5,1
DA:6,1
DA:7,1
DA:8,1
DA:9,1
DA:10,1
DA:11,1
DA:12,1
DA:13,1
DA:14,1
DA:15,1
DA:16,1
DA:17,1
DA:18,1
DA:19,1
DA:20,1
DA:21,1
DA:22,1
DA:23,1
DA:24,4
DA:25,4
DA:26,4
DA:27,4
DA:28,4
DA:29,4
DA:30,1
DA:31,1
DA:32,1
DA:33,3
DA:34,4
DA:35,4
DA:36,4
DA:37,4
DA:38,4
DA:39,4
DA:40,1
DA:41,1
DA:42,1
DA:43,2
DA:44,2
DA:45,2
DA:46,4
DA:47,1
DA:48,1
DA:49,1
LF:49
LH:49
BRDA:1,0,0,1
BRDA:19,1,0,1
BRDA:23,2,0,4
BRDA:29,3,0,1
BRDA:33,4,0,3
BRDA:34,5,0,1
BRDA:39,6,0,1
BRDA:43,7,0,2
BRDA:26,8,0,3
BRDA:37,9,0,5
BRF:10
BRH:10
end_of_record
TN:
SF:lib/skills/fish.js
FN:5,getId
FN:9,do
FNF:2
FNH:2
FNDA:1,getId
FNDA:2,do
DA:1,1
DA:2,1
DA:3,1
DA:4,1
DA:5,1
DA:6,1
DA:7,1
DA:8,1
DA:9,1
DA:10,2
DA:11,2
DA:12,2
DA:13,2
DA:14,2
DA:15,1
DA:16,1
DA:17,1
DA:18,1
DA:19,1
DA:20,1
DA:21,1
DA:22,2
DA:23,1
DA:24,1
DA:25,1
LF:25
LH:25
BRDA:1,0,0,1
BRDA:5,1,0,1
BRDA:9,2,0,2
BRDA:14,3,0,1
BRDA:12,4,0,1
BRF:5
BRH:5
end_of_record
TN:
SF:lib/skills/flee.js
FN:6,getId
FN:10,do
FNF:2
FNH:2
FNDA:1,getId
FNDA:3,do
DA:1,1
DA:2,1
DA:3,1
DA:4,1
DA:5,1
DA:6,1
DA:7,1
DA:8,1
DA:9,1
DA:10,1
DA:11,3
DA:12,3
DA:13,3
DA:14,2
DA:15,3
DA:16,3
DA:17,3
DA:18,3
DA:19,1
DA:20,1
DA:21,1
DA:22,2
DA:23,2
DA:24,2
DA:25,2
DA:26,3
DA:27,3
DA:28,3
DA:29,3
DA:30,3
DA:31,3
DA:32,3
DA:33,3
DA:34,3
DA:35,1
DA:36,1
DA:37,1
LF:37
LH:37
BRDA:1,0,0,1
BRDA:6,1,0,1
BRDA:10,2,0,3
BRDA:18,3,0,1
BRDA:22,4,0,2
BRDA:26,5,0,1
BRDA:12,6,0,3
BRDA:13,7,0,1
BRDA:14,8,0,2
BRF:9
BRH:9
end_of_record
TN:
SF:lib/skills/follow-player.js
FN:6,getId
FN:10,do
FNF:2
FNH:2
FNDA:1,getId
FNDA:2,do
DA:1,1
DA:2,1
DA:3,1
DA:4,1
DA:5,1
DA:6,1
DA:7,1
DA:8,1
DA:9,1
DA:10,1
DA:11,2
DA:12,2
DA:13,2
DA:14,2
DA:15,1
DA:16,1
DA:17,1
DA:18,1
DA:19,1
DA:20,1
DA:21,1
DA:22,1
DA:23,1
DA:24,1
DA:25,2
DA:26,1
DA:27,1
DA:28,1
LF:28
LH:28
BRDA:1,0,0,1
BRDA:6,1,0,1
BRDA:10,2,0,2
BRDA:12,3,0,1
BRDA:14,4,0,1
BRF:5
BRH:5
end_of_record
TN:
SF:lib/skills/gesture.js
FN:5,getId
FN:9,do
FNF:2
FNH:2
FNDA:1,getId
FNDA:2,do
DA:1,1
DA:2,1
DA:3,1
DA:4,1
DA:5,1
DA:6,1
DA:7,1
DA:8,1
DA:9,1
DA:10,2
DA:11,2
DA:12,2
DA:13,1
DA:14,1
DA:15,1
DA:16,1
DA:17,1
DA:18,1
DA:19,1
DA:20,1
DA:21,2
DA:22,1
DA:23,1
DA:24,1
LF:24
LH:24
BRDA:1,0,0,1
BRDA:5,1,0,1
BRDA:9,2,0,2
BRDA:12,3,0,1
BRF:4
BRH:4
end_of_record
TN:
SF:lib/skills/give-item.js
FN:5,getId
FN:9,do
FNF:2
FNH:2
FNDA:1,getId
FNDA:4,do
DA:1,1
DA:2,1
DA:3,1
DA:4,1
DA:5,1
DA:6,1
DA:7,1
DA:8,1
DA:9,1
DA:10,4
DA:11,4
DA:12,4
DA:13,4
DA:14,1
DA:15,1
DA:16,1
DA:17,3
DA:18,3
DA:19,3
DA:20,3
DA:21,3
DA:22,3
DA:23,3
DA:24,2
DA:25,3
DA:26,3
DA:27,3
DA:28,4
DA:29,1
DA:30,1
DA:31,1
DA:32,2
DA:33,2
DA:34,2
DA:35,4
DA:36,1
DA:37,1
DA:38,1
LF:38
LH:38
BRDA:1,0,0,1
BRDA:5,1,0,1
BRDA:9,2,0,4
BRDA:11,3,0,3
BRDA:13,4,0,1
BRDA:17,5,0,3
BRDA:28,6,0,1
BRDA:32,7,0,2
BRDA:23,8,0,2
BRDA:24,9,0,1
BRF:10
BRH:10
end_of_record
TN:
SF:lib/skills/guard-location.js
FN:5,getId
FN:9,do
FNF:2
FNH:2
FNDA:1,getId
FNDA:6,do
DA:1,1
DA:2,1
DA:3,1
DA:4,1
DA:5,1
DA:6,1
DA:7,1
DA:8,1
DA:9,1
DA:10,6
DA:11,6
DA:12,5
DA:13,4
DA:14,5
DA:15,3
DA:16,3
DA:17,3
DA:18,3
DA:19,6
DA:20,6
DA:21,1
DA:22,1
DA:23,6
DA:24,1
DA:25,1
DA:26,1
LF:26
LH:26
BRDA:1,0,0,1
BRDA:5,1,0,1
BRDA:9,2,0,6
BRDA:20,3,0,1
BRDA:11,4,0,5
BRDA:12,5,0,1
BRDA:13,6,0,4
BRDA:14,7,0,1
BRDA:15,8,0,3
BRF:9
BRH:9
end_of_record
TN:
SF:lib/skills/harvest-crops.js
FN:13,getId
FN:17,do
FN:25,useExtraInfo
FNF:3
FNH:3
FNDA:1,getId
FNDA:2,do
FNDA:1,useExtraInfo
DA:1,1
DA:2,1
DA:3,1
DA:4,1
DA:5,1
DA:6,1
DA:7,1
DA:8,1
DA:9,1
DA:10,1
DA:11,1
DA:12,1
DA:13,1
DA:14,1
DA:15,1
DA:16,1
DA:17,1
DA:18,2
DA:19,2
DA:20,2
DA:21,2
DA:22,2
DA:23,2
DA:24,2
DA:25,2
DA:26,2
DA:27,2
DA:28,2
DA:29,2
DA:30,1
DA:31,1
DA:32,1
DA:33,1
DA:34,1
DA:35,1
DA:36,1
DA:37,1
DA:38,1
DA:39,1
DA:40,1
DA:41,1
DA:42,1
DA:43,1
DA:44,1
DA:45,2
DA:46,1
DA:47,1
DA:48,1
LF:48
LH:48
BRDA:1,0,0,1
BRDA:13,1,0,1
BRDA:17,2,0,2
BRDA:29,3,0,1
BRDA:19,4,0,8
BRDA:20,5,0,2
BRDA:25,6,0,1
BRF:7
BRH:7
end_of_record
TN:
SF:lib/skills/hunt-food.js
FN:7,getId
FN:11,do
FNF:2
FNH:2
FNDA:1,getId
FNDA:2,do
DA:1,1
DA:2,1
DA:3,1
DA:4,1
DA:5,1
DA:6,1
DA:7,1
DA:8,1
DA:9,1
DA:10,1
DA:11,1
DA:12,2
DA:13,2
DA:14,2
DA:15,2
DA:16,2
DA:17,1
DA:18,1
DA:19,1
DA:20,1
DA:21,1
DA:22,2
DA:23,1
DA:24,1
DA:25,1
LF:25
LH:25
BRDA:1,0,0,1
BRDA:7,1,0,1
BRDA:11,2,0,2
BRDA:16,3,0,1
BRDA:12,4,0,1
BRF:5
BRH:5
end_of_record
TN:
SF:lib/skills/jump.js
FN:6,getId
FN:10,do
FNF:2
FNH:2
FNDA:1,getId
FNDA:2,do
DA:1,1
DA:2,1
DA:3,1
DA:4,1
DA:5,1
DA:6,1
DA:7,1
DA:8,1
DA:9,1
DA:10,1
DA:11,2
DA:12,2
DA:13,2
DA:14,2
DA:15,2
DA:16,2
DA:17,1
DA:18,1
DA:19,1
LF:19
LH:19
BRDA:1,0,0,1
BRDA:6,1,0,1
BRDA:10,2,0,2
BRDA:13,3,0,1
BRDA:13,4,0,1
BRF:5
BRH:5
end_of_record
TN:
SF:lib/skills/list-chest.js
FN:7,getId
FN:11,do
FNF:2
FNH:2
FNDA:1,getId
FNDA:3,do
DA:1,1
DA:2,1
DA:3,1
DA:4,1
DA:5,1
DA:6,1
DA:7,1
DA:8,1
DA:9,1
DA:10,1
DA:11,1
DA:12,3
DA:13,3
DA:14,3
DA:15,3
DA:16,3
DA:17,3
DA:18,3
DA:19,3
DA:20,3
DA:21,3
DA:22,1
DA:23,1
DA:24,1
DA:25,2
DA:26,2
DA:27,2
DA:28,2
DA:29,3
DA:30,3
DA:31,3
DA:32,3
DA:33,3
DA:34,1
DA:35,1
DA:36,1
LF:36
LH:36
BRDA:1,0,0,1
BRDA:7,1,0,1
BRDA:11,2,0,3
BRDA:21,3,0,1
BRDA:25,4,0,2
BRDA:29,5,0,1
BRDA:30,6,0,1
BRDA:13,7,0,9
BRDA:14,8,0,3
BRDA:29,9,0,1
BRF:10
BRH:10
end_of_record
TN:
SF:lib/skills/look-at-location.js
FN:6,getId
FN:10,do
FNF:2
FNH:2
FNDA:1,getId
FNDA:1,do
DA:1,1
DA:2,1
DA:3,1
DA:4,1
DA:5,1
DA:6,1
DA:7,1
DA:8,1
DA:9,1
DA:10,1
DA:11,1
DA:12,1
DA:13,1
DA:14,1
DA:15,1
LF:15
LH:15
BRDA:1,0,0,1
BRDA:6,1,0,1
BRDA:10,2,0,1
BRF:3
BRH:3
end_of_record
TN:
SF:lib/skills/message-chatgpt.js
FN:5,getId
FN:9,do
FNF:2
FNH:2
FNDA:1,getId
FNDA:2,do
DA:1,1
DA:2,1
DA:3,1
DA:4,1
DA:5,1
DA:6,1
DA:7,1
DA:8,1
DA:9,1
DA:10,2
DA:11,2
DA:12,2
DA:13,2
DA:14,2
DA:15,2
DA:16,2
DA:17,2
DA:18,2
DA:19,2
DA:20,2
DA:21,2
DA:22,1
DA:23,1
DA:24,1
LF:24
LH:24
BRDA:1,0,0,1
BRDA:5,1,0,1
BRDA:9,2,0,2
BRF:3
BRH:3
end_of_record
TN:
SF:lib/skills/mount-entity.js
FN:5,getId
FN:9,do
FNF:2
FNH:2
FNDA:1,getId
FNDA:2,do
DA:1,1
DA:2,1
DA:3,1
DA:4,1
DA:5,1
DA:6,1
DA:7,1
DA:8,1
DA:9,1
DA:10,2
DA:11,2
DA:12,2
DA:13,2
DA:14,2
DA:15,2
DA:16,1
DA:17,1
DA:18,1
DA:19,1
DA:20,1
DA:21,2
DA:22,1
DA:23,1
DA:24,1
LF:24
LH:24
BRDA:1,0,0,1
BRDA:5,1,0,1
BRDA:9,2,0,2
BRDA:15,3,0,1
BRDA:12,4,0,1
BRF:5
BRH:5
end_of_record
TN:
SF:lib/skills/move-blocks-distance-to-direction.js
FN:6,getId
FN:10,do
FN:31,_getTargetPosition
FNF:3
FNH:3
FNDA:1,getId
FNDA:2,do
FNDA:8,_getTargetPosition
DA:1,1
DA:2,1
DA:3,1
DA:4,1
DA:5,1
DA:6,1
DA:7,1
DA:8,1
DA:9,1
DA:10,1
DA:11,2
DA:12,2
DA:13,2
DA:14,2
DA:15,2
DA:16,2
DA:17,2
DA:18,2
DA:19,2
DA:20,2
DA:21,2
DA:22,2
DA:23,2
DA:24,2
DA:25,2
DA:26,2
DA:27,2
DA:28,2
DA:29,2
DA:30,1
DA:31,1
DA:32,8
DA:33,8
DA:34,8
DA:35,8
DA:36,8
DA:37,8
DA:38,3
DA:39,3
DA:40,8
DA:41,1
DA:42,1
DA:43,5
DA:44,1
DA:45,1
DA:46,4
DA:47,1
DA:48,1
DA:49,3
DA:50,1
DA:51,1
DA:52,1
DA:53,1
DA:54,8
DA:55,8
DA:56,8
DA:57,1
DA:58,1
DA:59,1
LF:59
LH:59
BRDA:1,0,0,1
BRDA:6,1,0,1
BRDA:10,2,0,2
BRDA:31,3,0,8
BRDA:37,4,0,3
BRDA:40,5,0,5
BRDA:40,6,0,1
BRDA:43,7,0,4
BRDA:43,8,0,1
BRDA:46,9,0,3
BRDA:46,10,0,1
BRDA:49,11,0,2
BRDA:49,12,0,1
BRF:13
BRH:13
end_of_record
TN:
SF:lib/skills/move-to-location.js
FN:6,getId
FN:10,do
FNF:2
FNH:2
FNDA:1,getId
FNDA:4,do
DA:1,1
DA:2,1
DA:3,1
DA:4,1
DA:5,1
DA:6,1
DA:7,1
DA:8,1
DA:9,1
DA:10,1
DA:11,4
DA:12,4
DA:13,4
DA:14,4
DA:15,4
DA:16,4
DA:17,1
DA:18,1
DA:19,1
LF:19
LH:19
BRDA:1,0,0,1
BRDA:6,1,0,1
BRDA:10,2,0,4
BRF:3
BRH:3
end_of_record
TN:
SF:lib/skills/move-to-object.js
FN:6,getId
FN:10,do
FNF:2
FNH:2
FNDA:1,getId
FNDA:4,do
DA:1,1
DA:2,1
DA:3,1
DA:4,1
DA:5,1
DA:6,1
DA:7,1
DA:8,1
DA:9,1
DA:10,1
DA:11,4
DA:12,4
DA:13,4
DA:14,4
DA:15,4
DA:16,4
DA:17,4
DA:18,4
DA:19,4
DA:20,4
DA:21,4
DA:22,4
DA:23,4
DA:24,4
DA:25,4
DA:26,4
DA:27,1
DA:28,1
DA:29,1
LF:29
LH:29
BRDA:1,0,0,1
BRDA:6,1,0,1
BRDA:10,2,0,4
BRDA:13,3,0,5
BRDA:14,4,0,2
BRF:5
BRH:5
end_of_record
TN:
SF:lib/skills/place-block.js
FN:13,getId
FN:17,do
FNF:2
FNH:2
FNDA:1,getId
FNDA:3,do
DA:1,1
DA:2,1
DA:3,1
DA:4,1
DA:5,1
DA:6,1
DA:7,1
DA:8,1
DA:9,1
DA:10,1
DA:11,1
DA:12,1
DA:13,1
DA:14,1
DA:15,1
DA:16,1
DA:17,1
DA:18,3
DA:19,3
DA:20,3
DA:21,3
DA:22,3
DA:23,3
DA:24,1
DA:25,1
DA:26,1
DA:27,2
DA:28,2
DA:29,2
DA:30,2
DA:31,3
DA:32,5
DA:33,5
DA:34,5
DA:35,5
DA:36,5
DA:37,5
DA:38,5
DA:39,1
DA:40,5
DA:41,1
DA:42,1
DA:43,1
DA:44,5
DA:45,2
DA:46,3
DA:47,1
DA:48,1
DA:49,1
DA:50,1
DA:51,1
DA:52,1
DA:53,3
DA:54,1
DA:55,1
DA:56,1
LF:56
LH:56
BRDA:1,0,0,1
BRDA:13,1,0,1
BRDA:17,2,0,3
BRDA:23,3,0,1
BRDA:27,4,0,2
BRDA:31,5,0,5
BRDA:36,6,0,1
BRDA:37,7,0,1
BRDA:38,8,0,1
BRDA:40,9,0,1
BRDA:45,10,0,2
BRDA:46,11,0,1
BRDA:21,12,0,2
BRF:13
BRH:13
end_of_record
TN:
SF:lib/skills/plant-seeds.js
FN:7,getId
FN:11,do
FN:31,useExtraInfo
FNF:3
FNH:3
FNDA:1,getId
FNDA:5,do
FNDA:3,useExtraInfo
DA:1,1
DA:2,1
DA:3,1
DA:4,1
DA:5,1
DA:6,1
DA:7,1
DA:8,1
DA:9,1
DA:10,1
DA:11,1
DA:12,5
DA:13,5
DA:14,5
DA:15,5
DA:16,5
DA:17,1
DA:18,1
DA:19,1
DA:20,4
DA:21,4
DA:22,4
DA:23,5
DA:24,1
DA:25,1
DA:26,1
DA:27,3
DA:28,3
DA:29,3
DA:30,3
DA:31,3
DA:32,3
DA:33,3
DA:34,3
DA:35,3
DA:36,3
DA:37,5
DA:38,1
DA:39,1
DA:40,1
DA:41,2
DA:42,2
DA:43,2
DA:44,2
DA:45,2
DA:46,2
DA:47,2
DA:48,2
DA:49,2
DA:50,2
DA:51,2
DA:52,2
DA:53,2
DA:54,5
DA:55,1
DA:56,1
DA:57,1
LF:57
LH:57
BRDA:1,0,0,1
BRDA:7,1,0,1
BRDA:11,2,0,5
BRDA:16,3,0,1
BRDA:20,4,0,4
BRDA:23,5,0,1
BRDA:27,6,0,3
BRDA:37,7,0,1
BRDA:41,8,0,2
BRDA:14,9,0,4
BRDA:31,10,0,3
BRDA:33,11,0,2
BRF:12
BRH:12
end_of_record
TN:
SF:lib/skills/say-message.js
FN:5,getId
FN:9,do
FNF:2
FNH:2
FNDA:1,getId
FNDA:2,do
DA:1,1
DA:2,1
DA:3,1
DA:4,1
DA:5,1
DA:6,1
DA:7,1
DA:8,1
DA:9,1
DA:10,2
DA:11,2
DA:12,1
DA:13,1
DA:14,1
LF:14
LH:14
BRDA:1,0,0,1
BRDA:5,1,0,1
BRDA:9,2,0,2
BRF:3
BRH:3
end_of_record
TN:
SF:lib/skills/sleep.js
FN:5,getId
FN:9,do
FNF:2
FNH:2
FNDA:1,getId
FNDA:5,do
DA:1,1
DA:2,1
DA:3,1
DA:4,1
DA:5,1
DA:6,1
DA:7,1
DA:8,1
DA:9,1
DA:10,5
DA:11,5
DA:12,5
DA:13,5
DA:14,5
DA:15,5
DA:16,5
DA:17,5
DA:18,5
DA:19,5
DA:20,5
DA:21,5
DA:22,5
DA:23,1
DA:24,1
DA:25,1
LF:25
LH:25
BRDA:1,0,0,1
BRDA:5,1,0,1
BRDA:9,2,0,5
BRDA:22,3,0,3
BRDA:11,4,0,7
BRDA:12,5,0,5
BRF:6
BRH:6
end_of_record
TN:
SF:lib/skills/smelt-item.js
FN:7,getId
FN:11,do
FNF:2
FNH:2
FNDA:1,getId
FNDA:4,do
DA:1,1
DA:2,1
DA:3,1
DA:4,1
DA:5,1
DA:6,1
DA:7,1
DA:8,1
DA:9,1
DA:10,1
DA:11,1
DA:12,4
DA:13,4
DA:14,4
DA:15,4
DA:16,4
DA:17,4
DA:18,1
DA:19,1
DA:20,1
DA:21,3
DA:22,3
DA:23,3
DA:24,3
DA:25,3
DA:26,3
DA:27,4
DA:28,1
DA:29,1
DA:30,1
DA:31,2
DA:32,2
DA:33,2
DA:34,2
DA:35,2
DA:36,4
DA:37,1
DA:38,1
DA:39,1
DA:40,1
DA:41,1
DA:42,1
DA:43,1
DA:44,1
DA:45,4
DA:46,1
DA:47,1
DA:48,1
LF:48
LH:48
BRDA:1,0,0,1
BRDA:7,1,0,1
BRDA:11,2,0,4
BRDA:15,3,0,0
BRDA:17,4,0,1
BRDA:21,5,0,3
BRDA:27,6,0,1
BRDA:31,7,0,2
BRDA:36,8,0,1
BRDA:25,9,0,3
BRDA:34,10,0,3
BRF:11
BRH:10
end_of_record
TN:
SF:lib/skills/sneak.js
FN:5,getId
FN:9,do
FNF:2
FNH:2
FNDA:1,getId
FNDA:2,do
DA:1,1
DA:2,1
DA:3,1
DA:4,1
DA:5,1
DA:6,1
DA:7,1
DA:8,1
DA:9,1
DA:10,2
DA:11,2
DA:12,1
DA:13,1
DA:14,1
LF:14
LH:14
BRDA:1,0,0,1
BRDA:5,1,0,1
BRDA:9,2,0,2
BRF:3
BRH:3
end_of_record
TN:
SF:lib/skills/sprint.js
FN:6,getId
FN:10,do
FNF:2
FNH:2
FNDA:1,getId
FNDA:2,do
DA:1,1
DA:2,1
DA:3,1
DA:4,1
DA:5,1
DA:6,1
DA:7,1
DA:8,1
DA:9,1
DA:10,1
DA:11,2
DA:12,2
DA:13,2
DA:14,2
DA:15,2
DA:16,2
DA:17,2
DA:18,2
DA:19,1
DA:20,1
DA:21,1
LF:21
LH:21
BRDA:1,0,0,1
BRDA:6,1,0,1
BRDA:10,2,0,2
BRDA:14,3,0,1
BRDA:14,4,0,1
BRF:5
BRH:5
end_of_record
TN:
SF:lib/skills/stop.js
FN:5,getId
FN:9,do
FNF:2
FNH:2
FNDA:1,getId
FNDA:3,do
DA:1,1
DA:2,1
DA:3,1
DA:4,1
DA:5,1
DA:6,1
DA:7,1
DA:8,1
DA:9,1
DA:10,3
DA:11,2
DA:12,2
DA:13,3
DA:14,2
DA:15,2
DA:16,3
DA:17,2
DA:18,2
DA:19,3
DA:20,2
DA:21,2
DA:22,3
DA:23,1
DA:24,1
DA:25,1
LF:25
LH:25
BRDA:1,0,0,1
BRDA:5,1,0,1
BRDA:9,2,0,3
BRDA:10,3,0,2
BRDA:10,4,0,2
BRDA:13,5,0,2
BRDA:13,6,0,2
BRDA:16,7,0,2
BRDA:16,8,0,2
BRDA:19,9,0,2
BRF:10
BRH:10
end_of_record
TN:
SF:lib/skills/swing-arm.js
FN:5,getId
FN:9,do
FNF:2
FNH:2
FNDA:1,getId
FNDA:1,do
DA:1,1
DA:2,1
DA:3,1
DA:4,1
DA:5,1
DA:6,1
DA:7,1
DA:8,1
DA:9,1
DA:10,1
DA:11,1
DA:12,1
DA:13,1
DA:14,1
LF:14
LH:14
BRDA:1,0,0,1
BRDA:5,1,0,1
BRDA:9,2,0,1
BRF:3
BRH:3
end_of_record
TN:
SF:lib/skills/till-soil.js
FN:6,getId
FN:10,do
FN:27,useExtraInfo
FNF:3
FNH:3
FNDA:1,getId
FNDA:4,do
FNDA:3,useExtraInfo
DA:1,1
DA:2,1
DA:3,1
DA:4,1
DA:5,1
DA:6,1
DA:7,1
DA:8,1
DA:9,1
DA:10,1
DA:11,4
DA:12,4
DA:13,4
DA:14,4
DA:15,4
DA:16,1
DA:17,1
DA:18,1
DA:19,3
DA:20,3
DA:21,3
DA:22,3
DA:23,3
DA:24,3
DA:25,3
DA:26,3
DA:27,3
DA:28,3
DA:29,3
DA:30,3
DA:31,3
DA:32,3
DA:33,4
DA:34,1
DA:35,1
DA:36,1
DA:37,2
DA:38,2
DA:39,2
DA:40,2
DA:41,2
DA:42,2
DA:43,2
DA:44,2
DA:45,2
DA:46,2
DA:47,2
DA:48,2
DA:49,2
DA:50,4
DA:51,1
DA:52,1
DA:53,1
LF:53
LH:53
BRDA:1,0,0,1
BRDA:6,1,0,1
BRDA:10,2,0,4
BRDA:15,3,0,1
BRDA:19,4,0,3
BRDA:33,5,0,1
BRDA:37,6,0,2
BRDA:13,7,0,3
BRDA:21,8,0,6
BRDA:22,9,0,6
BRDA:27,10,0,3
BRDA:29,11,0,2
BRF:12
BRH:12
end_of_record
TN:
SF:lib/skills/toss-held-item.js
FN:5,getId
FN:9,do
FNF:2
FNH:2
FNDA:1,getId
FNDA:2,do
DA:1,1
DA:2,1
DA:3,1
DA:4,1
DA:5,1
DA:6,1
DA:7,1
DA:8,1
DA:9,1
DA:10,2
DA:11,2
DA:12,2
DA:13,1
DA:14,1
DA:15,1
DA:16,1
DA:17,1
DA:18,2
DA:19,1
DA:20,1
DA:21,1
LF:21
LH:21
BRDA:1,0,0,1
BRDA:5,1,0,1
BRDA:9,2,0,2
BRDA:12,3,0,1
BRF:4
BRH:4
end_of_record
TN:
SF:lib/skills/unequip-item.js
FN:5,getId
FN:9,do
FNF:2
FNH:2
FNDA:1,getId
FNDA:2,do
DA:1,1
DA:2,1
DA:3,1
DA:4,1
DA:5,1
DA:6,1
DA:7,1
DA:8,1
DA:9,1
DA:10,2
DA:11,2
DA:12,1
DA:13,1
DA:14,1
LF:14
LH:14
BRDA:1,0,0,1
BRDA:5,1,0,1
BRDA:9,2,0,2
BRDA:11,3,0,1
BRF:4
BRH:4
end_of_record
TN:
SF:lib/skills/use-item-on-entity.js
FN:5,getId
FN:9,do
FNF:2
FNH:2
FNDA:1,getId
FNDA:3,do
DA:1,1
DA:2,1
DA:3,1
DA:4,1
DA:5,1
DA:6,1
DA:7,1
DA:8,1
DA:9,1
DA:10,3
DA:11,3
DA:12,3
DA:13,3
DA:14,3
DA:15,3
DA:16,1
DA:17,1
DA:18,1
DA:19,2
DA:20,2
DA:21,2
DA:22,2
DA:23,2
DA:24,2
DA:25,3
DA:26,1
DA:27,1
DA:28,1
DA:29,1
DA:30,1
DA:31,1
DA:32,3
DA:33,1
DA:34,1
DA:35,1
LF:35
LH:35
BRDA:1,0,0,1
BRDA:5,1,0,1
BRDA:9,2,0,3
BRDA:15,3,0,1
BRDA:19,4,0,2
BRDA:25,5,0,1
BRDA:12,6,0,2
BRDA:23,7,0,1
BRF:8
BRH:8
end_of_record
TN:
SF:lib/skills/wander.js
FN:6,getId
FN:10,do
FNF:2
FNH:2
FNDA:1,getId
FNDA:1,do
DA:1,1
DA:2,1
DA:3,1
DA:4,1
DA:5,1
DA:6,1
DA:7,1
DA:8,1
DA:9,1
DA:10,1
DA:11,1
DA:12,1
DA:13,1
DA:14,1
DA:15,1
DA:16,1
DA:17,1
DA:18,1
DA:19,1
DA:20,1
DA:21,1
DA:22,1
DA:23,1
LF:23
LH:23
BRDA:1,0,0,1
BRDA:6,1,0,1
BRDA:10,2,0,1
BRF:3
BRH:3
end_of_record
TN:
SF:lib/skills/whisper.js
FN:5,getId
FN:9,do
FNF:2
FNH:2
FNDA:1,getId
FNDA:1,do
DA:1,1
DA:2,1
DA:3,1
DA:4,1
DA:5,1
DA:6,1
DA:7,1
DA:8,1
DA:9,1
DA:10,1
DA:11,1
DA:12,1
DA:13,1
DA:14,1
LF:14
LH:14
BRDA:1,0,0,1
BRDA:5,1,0,1
BRDA:9,2,0,1
BRF:3
BRH:3
end_of_record
TN:
SF:lib/skills/withdraw-from-chest.js
FN:7,getId
FN:11,do
FNF:2
FNH:2
FNDA:1,getId
FNDA:4,do
DA:1,1
DA:2,1
DA:3,1
DA:4,1
DA:5,1
DA:6,1
DA:7,1
DA:8,1
DA:9,1
DA:10,1
DA:11,1
DA:12,4
DA:13,4
DA:14,4
DA:15,4
DA:16,4
DA:17,4
DA:18,4
DA:19,4
DA:20,4
DA:21,4
DA:22,1
DA:23,1
DA:24,1
DA:25,3
DA:26,3
DA:27,3
DA:28,3
DA:29,4
DA:30,2
DA:31,2
DA:32,2
DA:33,3
DA:34,4
DA:35,1
DA:36,1
DA:37,1
DA:38,1
DA:39,1
DA:40,2
DA:41,4
DA:42,3
DA:43,3
DA:44,2
DA:45,2
DA:46,4
DA:47,1
DA:48,1
DA:49,1
LF:49
LH:49
BRDA:1,0,0,1
BRDA:7,1,0,1
BRDA:11,2,0,4
BRDA:21,3,0,1
BRDA:25,4,0,3
BRDA:29,5,0,2
BRDA:33,6,0,3
BRDA:34,7,0,1
BRDA:35,8,0,0
BRDA:40,9,0,2
BRDA:41,10,0,3
BRDA:44,11,0,2
BRDA:13,12,0,12
BRDA:14,13,0,4
BRDA:31,14,0,2
BRF:15
BRH:14
end_of_record
